Log file open, 03/11/22 18:03:08
LogWindows: Failed to load 'aqProf.dll' (GetLastError=126)
LogWindows: File 'aqProf.dll' does not exist
LogWindows: Failed to load 'VtuneApi.dll' (GetLastError=126)
LogWindows: File 'VtuneApi.dll' does not exist
LogWindows: Failed to load 'VtuneApi32e.dll' (GetLastError=126)
LogWindows: File 'VtuneApi32e.dll' does not exist
LogConsoleResponse: Display: Failed to find resolution value strings in scalability ini. Falling back to default.
LogConsoleResponse: Display: Failed to find resolution value strings in scalability ini. Falling back to default.
LogInit: Display: Running engine for game: prueba1
LogPlatformFile: Not using cached read wrapper
LogTaskGraph: Started task graph with 5 named threads and 35 total threads with 3 sets of task threads.
LogStats: Stats thread started at 0.526315
LogICUInternationalization: ICU TimeZone Detection - Raw Offset: -6:00, Platform Override: ''
LogInit: Display: Loading text-based GConfig....
LogPluginManager: Mounting plugin MeshPainting
LogPluginManager: Mounting plugin XGEController
LogPluginManager: Mounting plugin Paper2D
LogPluginManager: Mounting plugin CameraShakePreviewer
LogPluginManager: Mounting plugin LightPropagationVolume
LogPluginManager: Mounting plugin GameplayCameras
LogPluginManager: Mounting plugin LiveLink
LogPluginManager: Mounting plugin AssetManagerEditor
LogPluginManager: Mounting plugin CryptoKeys
LogPluginManager: Mounting plugin CurveEditorTools
LogPluginManager: Mounting plugin DataValidation
LogPluginManager: Mounting plugin GameplayTagsEditor
LogPluginManager: Mounting plugin FacialAnimation
LogPluginManager: Mounting plugin AnimationSharing
LogPluginManager: Mounting plugin MobileLauncherProfileWizard
LogPluginManager: Mounting plugin MaterialAnalyzer
LogPluginManager: Mounting plugin MacGraphicsSwitching
LogPluginManager: Mounting plugin PluginBrowser
LogPluginManager: Mounting plugin SpeedTreeImporter
LogPluginManager: Mounting plugin DatasmithContent
LogPluginManager: Mounting plugin CodeLiteSourceCodeAccess
LogPluginManager: Mounting plugin CLionSourceCodeAccess
LogPluginManager: Mounting plugin KDevelopSourceCodeAccess
LogPluginManager: Mounting plugin NullSourceCodeAccess
LogPluginManager: Mounting plugin GitSourceControl
LogPluginManager: Mounting plugin PerforceSourceControl
LogPluginManager: Mounting plugin PixWinPlugin
LogPluginManager: Mounting plugin PlasticSourceControl
LogPluginManager: Mounting plugin PluginUtils
LogPluginManager: Mounting plugin PropertyAccessNode
LogPluginManager: Mounting plugin GeometryMode
LogPluginManager: Mounting plugin VariantManagerContent
LogPluginManager: Mounting plugin RiderSourceCodeAccess
LogPluginManager: Mounting plugin TextureFormatOodle
LogPluginManager: Mounting plugin SubversionSourceControl
LogPluginManager: Mounting plugin UObjectPlugin
LogPluginManager: Mounting plugin Niagara
LogPluginManager: Mounting plugin AlembicImporter
LogPluginManager: Mounting plugin VisualStudioSourceCodeAccess
LogPluginManager: Mounting plugin XCodeSourceCodeAccess
LogPluginManager: Mounting plugin VisualStudioCodeSourceCodeAccess
LogPluginManager: Mounting plugin AutomationUtils
LogPluginManager: Mounting plugin BackChannel
LogPluginManager: Mounting plugin ChaosCloth
LogPluginManager: Mounting plugin ChaosEditor
LogPluginManager: Mounting plugin ChaosNiagara
LogPluginManager: Mounting plugin ChaosClothEditor
LogPluginManager: Mounting plugin ChaosSolverPlugin
LogPluginManager: Mounting plugin CharacterAI
LogPluginManager: Mounting plugin GeometryCollectionPlugin
LogPluginManager: Mounting plugin GeometryCache
LogPluginManager: Mounting plugin GeometryProcessing
LogPluginManager: Mounting plugin MotoSynth
LogPluginManager: Mounting plugin OpenImageDenoise
LogPluginManager: Mounting plugin PlanarCut
LogPluginManager: Mounting plugin ProxyLODPlugin
LogPluginManager: Mounting plugin PlatformCrypto
LogPluginManager: Mounting plugin PythonScriptPlugin
LogPluginManager: Mounting plugin SkeletalReduction
LogPluginManager: Mounting plugin AndroidMedia
LogPluginManager: Mounting plugin AvfMedia
LogPluginManager: Mounting plugin ImgMedia
LogPluginManager: Mounting plugin MediaCompositing
LogPluginManager: Mounting plugin MediaPlayerEditor
LogPluginManager: Mounting plugin WmfMedia
LogPluginManager: Mounting plugin WebMMedia
LogPluginManager: Mounting plugin TcpMessaging
LogPluginManager: Mounting plugin UdpMessaging
LogPluginManager: Mounting plugin ActorSequence
LogPluginManager: Mounting plugin OnlineSubsystem
LogPluginManager: Mounting plugin LevelSequenceEditor
LogPluginManager: Mounting plugin MatineeToLevelSequence
LogPluginManager: Mounting plugin OnlineSubsystemNull
LogPluginManager: Mounting plugin OnlineSubsystemUtils
LogPluginManager: Mounting plugin TemplateSequence
LogPluginManager: Mounting plugin MagicLeap
LogPluginManager: Mounting plugin LuminPlatformFeatures
LogPluginManager: Mounting plugin MagicLeapLightEstimation
LogPluginManager: Mounting plugin MagicLeapPassableWorld
LogPluginManager: Mounting plugin MLSDK
LogPluginManager: Mounting plugin MagicLeapMedia
LogPluginManager: Mounting plugin LauncherChunkInstaller
LogPluginManager: Mounting plugin ScreenshotTools
LogPluginManager: Mounting plugin Takes
LogPluginManager: Mounting plugin ActorLayerUtilities
LogPluginManager: Mounting plugin AndroidMoviePlayer
LogPluginManager: Mounting plugin AndroidPermission
LogPluginManager: Mounting plugin AndroidDeviceProfileSelector
LogPluginManager: Mounting plugin AppleImageUtils
LogPluginManager: Mounting plugin AppleMoviePlayer
LogPluginManager: Mounting plugin ArchVisCharacter
LogPluginManager: Mounting plugin AudioCapture
LogPluginManager: Mounting plugin AssetTags
LogPluginManager: Mounting plugin ChunkDownloader
LogPluginManager: Mounting plugin CableComponent
LogPluginManager: Mounting plugin CustomMeshComponent
LogPluginManager: Mounting plugin AudioSynesthesia
LogPluginManager: Mounting plugin EditableMesh
LogPluginManager: Mounting plugin ExampleDeviceProfileSelector
LogPluginManager: Mounting plugin GoogleCloudMessaging
LogPluginManager: Mounting plugin GooglePAD
LogPluginManager: Mounting plugin LinuxDeviceProfileSelector
LogPluginManager: Mounting plugin IOSDeviceProfileSelector
LogPluginManager: Mounting plugin LocationServicesBPLibrary
LogPluginManager: Mounting plugin MobilePatchingUtils
LogPluginManager: Mounting plugin OpenXR
LogPluginManager: Mounting plugin OpenXREyeTracker
LogPluginManager: Mounting plugin OpenXRHandTracking
LogPluginManager: Mounting plugin PhysXVehicles
LogPluginManager: Mounting plugin PostSplashScreen
LogPluginManager: Mounting plugin PropertyAccessEditor
LogPluginManager: Mounting plugin ProceduralMeshComponent
LogPluginManager: Mounting plugin RuntimePhysXCooking
LogPluginManager: Mounting plugin SignificanceManager
LogPluginManager: Mounting plugin SoundFields
LogPluginManager: Mounting plugin Synthesis
LogPluginManager: Mounting plugin WebMMoviePlayer
LogPluginManager: Mounting plugin AISupport
LogPluginManager: Mounting plugin OodleData
LogPluginManager: Mounting plugin OodleNetwork
LogPluginManager: Mounting plugin EnvironmentQueryEditor
LogPluginManager: Mounting plugin WindowsMoviePlayer
LogPluginManager: Mounting plugin ContentBrowserAssetDataSource
LogPluginManager: Mounting plugin ContentBrowserClassDataSource
LogPluginManager: Mounting plugin ContentBrowserFileDataSource
LogPluginManager: Mounting plugin OnlineSubsystemGooglePlay
LogPluginManager: Mounting plugin OnlineSubsystemIOS
LogPluginManager: Mounting plugin OculusVR
LogPluginManager: Mounting plugin SteamVR
PixWinPlugin: PIX capture plugin failed to initialize! Check that the process is launched from PIX.
LogInit: Using libcurl 7.55.1-DEV
LogInit:  - built for x86_64-pc-win32
LogInit:  - supports SSL with OpenSSL/1.1.1
LogInit:  - supports HTTP deflate (compression) using libz 1.2.8
LogInit:  - other features:
LogInit:      CURL_VERSION_SSL
LogInit:      CURL_VERSION_LIBZ
LogInit:      CURL_VERSION_IPV6
LogInit:      CURL_VERSION_ASYNCHDNS
LogInit:      CURL_VERSION_LARGEFILE
LogInit:      CURL_VERSION_IDN
LogInit:  CurlRequestOptions (configurable via config and command line):
LogInit:  - bVerifyPeer = true  - Libcurl will verify peer certificate
LogInit:  - bUseHttpProxy = false  - Libcurl will NOT use HTTP proxy
LogInit:  - bDontReuseConnections = false  - Libcurl will reuse connections
LogInit:  - MaxHostConnections = 16  - Libcurl will limit the number of connections to a host
LogInit:  - LocalHostAddr = Default
LogInit:  - BufferSize = 65536
LogOnline: OSS: Creating online subsystem instance for: NULL
LogInit: WinSock: version 1.1 (2.2), MaxSocks=32767, MaxUdp=65467
LogOnline: OSS: TryLoadSubsystemAndSetDefault: Loaded subsystem for module [NULL]
LogOculusPluginWrapper: OculusPlugin initialized successfully
LogHMD: Failed initializing OVRPlugin 1.59.0
LogInit: Build: ++UE4+Release-4.27-CL-18319896
LogInit: Engine Version: 4.27.2-18319896+++UE4+Release-4.27
LogInit: Compatible Engine Version: 4.27.0-17155196+++UE4+Release-4.27
LogInit: Net CL: 17155196
LogInit: OS: Windows 10 (Release 2009) (), CPU: Intel(R) Core(TM) i7-8750H CPU @ 2.20GHz, GPU: Intel(R) UHD Graphics 630
LogInit: Compiled (64-bit): Nov 30 2021 07:12:08
LogInit: Compiled with Visual C++: 19.24.28315.00
LogInit: Build Configuration: Development
LogInit: Branch Name: ++UE4+Release-4.27
LogInit: Command Line: 
LogInit: Base Directory: D:/programas/unreal/UE_4.27/Engine/Binaries/Win64/
LogInit: Allocator: TBB
LogInit: Installed Engine Build: 1
LogDevObjectVersion: Number of dev versions registered: 29
LogDevObjectVersion:   Dev-Blueprints (B0D832E4-1F89-4F0D-ACCF-7EB736FD4AA2): 10
LogDevObjectVersion:   Dev-Build (E1C64328-A22C-4D53-A36C-8E866417BD8C): 0
LogDevObjectVersion:   Dev-Core (375EC13C-06E4-48FB-B500-84F0262A717E): 4
LogDevObjectVersion:   Dev-Editor (E4B068ED-F494-42E9-A231-DA0B2E46BB41): 40
LogDevObjectVersion:   Dev-Framework (CFFC743F-43B0-4480-9391-14DF171D2073): 37
LogDevObjectVersion:   Dev-Mobile (B02B49B5-BB20-44E9-A304-32B752E40360): 3
LogDevObjectVersion:   Dev-Networking (A4E4105C-59A1-49B5-A7C5-40C4547EDFEE): 0
LogDevObjectVersion:   Dev-Online (39C831C9-5AE6-47DC-9A44-9C173E1C8E7C): 0
LogDevObjectVersion:   Dev-Physics (78F01B33-EBEA-4F98-B9B4-84EACCB95AA2): 14
LogDevObjectVersion:   Dev-Platform (6631380F-2D4D-43E0-8009-CF276956A95A): 0
LogDevObjectVersion:   Dev-Rendering (12F88B9F-8875-4AFC-A67C-D90C383ABD29): 45
LogDevObjectVersion:   Dev-Sequencer (7B5AE74C-D270-4C10-A958-57980B212A5A): 13
LogDevObjectVersion:   Dev-VR (D7296918-1DD6-4BDD-9DE2-64A83CC13884): 3
LogDevObjectVersion:   Dev-LoadTimes (C2A15278-BFE7-4AFE-6C17-90FF531DF755): 1
LogDevObjectVersion:   Private-Geometry (6EACA3D4-40EC-4CC1-B786-8BED09428FC5): 3
LogDevObjectVersion:   Dev-AnimPhys (29E575DD-E0A3-4627-9D10-D276232CDCEA): 17
LogDevObjectVersion:   Dev-Anim (AF43A65D-7FD3-4947-9873-3E8ED9C1BB05): 15
LogDevObjectVersion:   Dev-ReflectionCapture (6B266CEC-1EC7-4B8F-A30B-E4D90942FC07): 1
LogDevObjectVersion:   Dev-Automation (0DF73D61-A23F-47EA-B727-89E90C41499A): 1
LogDevObjectVersion:   FortniteMain (601D1886-AC64-4F84-AA16-D3DE0DEAC7D6): 47
LogDevObjectVersion:   FortniteRelease (E7086368-6B23-4C58-8439-1B7016265E91): 1
LogDevObjectVersion:   Dev-Enterprise (9DFFBCD6-494F-0158-E221-12823C92A888): 10
LogDevObjectVersion:   Dev-Niagara (F2AED0AC-9AFE-416F-8664-AA7FFA26D6FC): 1
LogDevObjectVersion:   Dev-Destruction (174F1F0B-B4C6-45A5-B13F-2EE8D0FB917D): 10
LogDevObjectVersion:   Dev-Physics-Ext (35F94A83-E258-406C-A318-09F59610247C): 41
LogDevObjectVersion:   Dev-PhysicsMaterial-Chaos (B68FC16E-8B1B-42E2-B453-215C058844FE): 1
LogDevObjectVersion:   Dev-CineCamera (B2E18506-4273-CFC2-A54E-F4BB758BBA07): 1
LogDevObjectVersion:   Dev-VirtualProduction (64F58936-FD1B-42BA-BA96-7289D5D0FA4E): 1
LogDevObjectVersion:   Dev-MediaFramework (6F0ED827-A609-4895-9C91-998D90180EA4): 2
LogInit: Presizing for max 25165824 objects, including 0 objects not considered by GC, pre-allocating 0 bytes for permanent pool.
LogConfig: Applying CVar settings from Section [/Script/Engine.StreamingSettings] File [D:/personal/facu/diseño de videjuegos en linea/prueba1/Saved/Config/Windows/Engine.ini]
LogConfig: Setting CVar [[s.MinBulkDataSizeForAsyncLoading:131072]]
LogConfig: Setting CVar [[s.AsyncLoadingThreadEnabled:0]]
LogConfig: Setting CVar [[s.EventDrivenLoaderEnabled:1]]
LogConfig: Setting CVar [[s.WarnIfTimeLimitExceeded:0]]
LogConfig: Setting CVar [[s.TimeLimitExceededMultiplier:1.5]]
LogConfig: Setting CVar [[s.TimeLimitExceededMinTime:0.005]]
LogConfig: Setting CVar [[s.UseBackgroundLevelStreaming:1]]
LogConfig: Setting CVar [[s.PriorityAsyncLoadingExtraTime:15.0]]
LogConfig: Setting CVar [[s.LevelStreamingActorsUpdateTimeLimit:5.0]]
LogConfig: Setting CVar [[s.PriorityLevelStreamingActorsUpdateExtraTime:5.0]]
LogConfig: Setting CVar [[s.LevelStreamingComponentsRegistrationGranularity:10]]
LogConfig: Setting CVar [[s.UnregisterComponentsTimeLimit:1.0]]
LogConfig: Setting CVar [[s.LevelStreamingComponentsUnregistrationGranularity:5]]
LogConfig: Setting CVar [[s.FlushStreamingOnExit:1]]
LogInit: Object subsystem initialized
LogConfig: Setting CVar [[con.DebugEarlyDefault:1]]
LogConfig: Setting CVar [[r.setres:1280x720]]
[2022.03.12-00.03.09:178][  0]LogConfig: Setting CVar [[r.VSync:0]]
[2022.03.12-00.03.09:178][  0]LogConfig: Setting CVar [[r.RHICmdBypass:0]]
[2022.03.12-00.03.09:178][  0]LogConfig: Applying CVar settings from Section [/Script/Engine.RendererSettings] File [D:/personal/facu/diseño de videjuegos en linea/prueba1/Saved/Config/Windows/Engine.ini]
[2022.03.12-00.03.09:178][  0]LogConfig: Setting CVar [[r.GPUCrashDebugging:0]]
[2022.03.12-00.03.09:178][  0]LogConfig: Applying CVar settings from Section [/Script/Engine.RendererOverrideSettings] File [D:/personal/facu/diseño de videjuegos en linea/prueba1/Saved/Config/Windows/Engine.ini]
[2022.03.12-00.03.09:178][  0]LogConfig: Applying CVar settings from Section [/Script/Engine.StreamingSettings] File [D:/personal/facu/diseño de videjuegos en linea/prueba1/Saved/Config/Windows/Engine.ini]
[2022.03.12-00.03.09:178][  0]LogConfig: Setting CVar [[s.MinBulkDataSizeForAsyncLoading:131072]]
[2022.03.12-00.03.09:178][  0]LogConfig: Setting CVar [[s.AsyncLoadingThreadEnabled:0]]
[2022.03.12-00.03.09:178][  0]LogConfig: Setting CVar [[s.EventDrivenLoaderEnabled:1]]
[2022.03.12-00.03.09:178][  0]LogConfig: Setting CVar [[s.WarnIfTimeLimitExceeded:0]]
[2022.03.12-00.03.09:178][  0]LogConfig: Setting CVar [[s.TimeLimitExceededMultiplier:1.5]]
[2022.03.12-00.03.09:178][  0]LogConfig: Setting CVar [[s.TimeLimitExceededMinTime:0.005]]
[2022.03.12-00.03.09:178][  0]LogConfig: Setting CVar [[s.UseBackgroundLevelStreaming:1]]
[2022.03.12-00.03.09:178][  0]LogConfig: Setting CVar [[s.PriorityAsyncLoadingExtraTime:15.0]]
[2022.03.12-00.03.09:178][  0]LogConfig: Setting CVar [[s.LevelStreamingActorsUpdateTimeLimit:5.0]]
[2022.03.12-00.03.09:178][  0]LogConfig: Setting CVar [[s.PriorityLevelStreamingActorsUpdateExtraTime:5.0]]
[2022.03.12-00.03.09:178][  0]LogConfig: Setting CVar [[s.LevelStreamingComponentsRegistrationGranularity:10]]
[2022.03.12-00.03.09:178][  0]LogConfig: Setting CVar [[s.UnregisterComponentsTimeLimit:1.0]]
[2022.03.12-00.03.09:178][  0]LogConfig: Setting CVar [[s.LevelStreamingComponentsUnregistrationGranularity:5]]
[2022.03.12-00.03.09:178][  0]LogConfig: Setting CVar [[s.FlushStreamingOnExit:1]]
[2022.03.12-00.03.09:178][  0]LogConfig: Applying CVar settings from Section [/Script/Engine.GarbageCollectionSettings] File [D:/personal/facu/diseño de videjuegos en linea/prueba1/Saved/Config/Windows/Engine.ini]
[2022.03.12-00.03.09:178][  0]LogConfig: Setting CVar [[gc.MaxObjectsNotConsideredByGC:1]]
[2022.03.12-00.03.09:178][  0]LogConfig: Setting CVar [[gc.SizeOfPermanentObjectPool:0]]
[2022.03.12-00.03.09:178][  0]LogConfig: Setting CVar [[gc.FlushStreamingOnGC:0]]
[2022.03.12-00.03.09:178][  0]LogConfig: Setting CVar [[gc.NumRetriesBeforeForcingGC:10]]
[2022.03.12-00.03.09:178][  0]LogConfig: Setting CVar [[gc.AllowParallelGC:1]]
[2022.03.12-00.03.09:178][  0]LogConfig: Setting CVar [[gc.TimeBetweenPurgingPendingKillObjects:61.1]]
[2022.03.12-00.03.09:178][  0]LogConfig: Setting CVar [[gc.MaxObjectsInEditor:25165824]]
[2022.03.12-00.03.09:178][  0]LogConfig: Setting CVar [[gc.IncrementalBeginDestroyEnabled:1]]
[2022.03.12-00.03.09:178][  0]LogConfig: Setting CVar [[gc.CreateGCClusters:1]]
[2022.03.12-00.03.09:178][  0]LogConfig: Setting CVar [[gc.MinGCClusterSize:5]]
[2022.03.12-00.03.09:178][  0]LogConfig: Setting CVar [[gc.ActorClusteringEnabled:0]]
[2022.03.12-00.03.09:178][  0]LogConfig: Setting CVar [[gc.BlueprintClusteringEnabled:0]]
[2022.03.12-00.03.09:178][  0]LogConfig: Setting CVar [[gc.UseDisregardForGCOnDedicatedServers:0]]
[2022.03.12-00.03.09:178][  0]LogConfig: Setting CVar [[gc.MultithreadedDestructionEnabled:1]]
[2022.03.12-00.03.09:178][  0]LogConfig: Applying CVar settings from Section [/Script/Engine.NetworkSettings] File [D:/personal/facu/diseño de videjuegos en linea/prueba1/Saved/Config/Windows/Engine.ini]
[2022.03.12-00.03.09:178][  0]LogConfig: Applying CVar settings from Section [/Script/UnrealEd.CookerSettings] File [D:/personal/facu/diseño de videjuegos en linea/prueba1/Saved/Config/Windows/Engine.ini]
[2022.03.12-00.03.09:190][  0]LogConfig: Applying CVar settings from Section [ViewDistanceQuality@3] File [D:/personal/facu/diseño de videjuegos en linea/prueba1/Saved/Config/Windows/Scalability.ini]
[2022.03.12-00.03.09:190][  0]LogConfig: Setting CVar [[r.SkeletalMeshLODBias:0]]
[2022.03.12-00.03.09:190][  0]LogConfig: Setting CVar [[r.ViewDistanceScale:1.0]]
[2022.03.12-00.03.09:190][  0]LogConfig: Applying CVar settings from Section [AntiAliasingQuality@3] File [D:/personal/facu/diseño de videjuegos en linea/prueba1/Saved/Config/Windows/Scalability.ini]
[2022.03.12-00.03.09:190][  0]LogConfig: Setting CVar [[r.PostProcessAAQuality:4]]
[2022.03.12-00.03.09:190][  0]LogConfig: Applying CVar settings from Section [ShadowQuality@3] File [D:/personal/facu/diseño de videjuegos en linea/prueba1/Saved/Config/Windows/Scalability.ini]
[2022.03.12-00.03.09:190][  0]LogConfig: Setting CVar [[r.LightFunctionQuality:1]]
[2022.03.12-00.03.09:190][  0]LogConfig: Setting CVar [[r.ShadowQuality:5]]
[2022.03.12-00.03.09:190][  0]LogConfig: Setting CVar [[r.Shadow.CSM.MaxCascades:10]]
[2022.03.12-00.03.09:190][  0]LogConfig: Setting CVar [[r.Shadow.MaxResolution:2048]]
[2022.03.12-00.03.09:190][  0]LogConfig: Setting CVar [[r.Shadow.MaxCSMResolution:2048]]
[2022.03.12-00.03.09:190][  0]LogConfig: Setting CVar [[r.Shadow.RadiusThreshold:0.01]]
[2022.03.12-00.03.09:190][  0]LogConfig: Setting CVar [[r.Shadow.DistanceScale:1.0]]
[2022.03.12-00.03.09:190][  0]LogConfig: Setting CVar [[r.Shadow.CSM.TransitionScale:1.0]]
[2022.03.12-00.03.09:190][  0]LogConfig: Setting CVar [[r.Shadow.PreShadowResolutionFactor:1.0]]
[2022.03.12-00.03.09:190][  0]LogConfig: Setting CVar [[r.DistanceFieldShadowing:1]]
[2022.03.12-00.03.09:190][  0]LogConfig: Setting CVar [[r.DistanceFieldAO:1]]
[2022.03.12-00.03.09:190][  0]LogConfig: Setting CVar [[r.AOQuality:2]]
[2022.03.12-00.03.09:190][  0]LogConfig: Setting CVar [[r.VolumetricFog:1]]
[2022.03.12-00.03.09:190][  0]LogConfig: Setting CVar [[r.VolumetricFog.GridPixelSize:8]]
[2022.03.12-00.03.09:190][  0]LogConfig: Setting CVar [[r.VolumetricFog.GridSizeZ:128]]
[2022.03.12-00.03.09:190][  0]LogConfig: Setting CVar [[r.VolumetricFog.HistoryMissSupersampleCount:4]]
[2022.03.12-00.03.09:190][  0]LogConfig: Setting CVar [[r.LightMaxDrawDistanceScale:1]]
[2022.03.12-00.03.09:190][  0]LogConfig: Setting CVar [[r.CapsuleShadows:1]]
[2022.03.12-00.03.09:190][  0]LogConfig: Applying CVar settings from Section [PostProcessQuality@3] File [D:/personal/facu/diseño de videjuegos en linea/prueba1/Saved/Config/Windows/Scalability.ini]
[2022.03.12-00.03.09:190][  0]LogConfig: Setting CVar [[r.MotionBlurQuality:4]]
[2022.03.12-00.03.09:190][  0]LogConfig: Setting CVar [[r.AmbientOcclusionMipLevelFactor:0.4]]
[2022.03.12-00.03.09:190][  0]LogConfig: Setting CVar [[r.AmbientOcclusionMaxQuality:100]]
[2022.03.12-00.03.09:190][  0]LogConfig: Setting CVar [[r.AmbientOcclusionLevels:-1]]
[2022.03.12-00.03.09:190][  0]LogConfig: Setting CVar [[r.AmbientOcclusionRadiusScale:1.0]]
[2022.03.12-00.03.09:190][  0]LogConfig: Setting CVar [[r.DepthOfFieldQuality:2]]
[2022.03.12-00.03.09:190][  0]LogConfig: Setting CVar [[r.RenderTargetPoolMin:400]]
[2022.03.12-00.03.09:190][  0]LogConfig: Setting CVar [[r.LensFlareQuality:2]]
[2022.03.12-00.03.09:191][  0]LogConfig: Setting CVar [[r.SceneColorFringeQuality:1]]
[2022.03.12-00.03.09:191][  0]LogConfig: Setting CVar [[r.EyeAdaptationQuality:2]]
[2022.03.12-00.03.09:191][  0]LogConfig: Setting CVar [[r.BloomQuality:5]]
[2022.03.12-00.03.09:191][  0]LogConfig: Setting CVar [[r.FastBlurThreshold:100]]
[2022.03.12-00.03.09:191][  0]LogConfig: Setting CVar [[r.Upscale.Quality:3]]
[2022.03.12-00.03.09:191][  0]LogConfig: Setting CVar [[r.Tonemapper.GrainQuantization:1]]
[2022.03.12-00.03.09:191][  0]LogConfig: Setting CVar [[r.LightShaftQuality:1]]
[2022.03.12-00.03.09:191][  0]LogConfig: Setting CVar [[r.Filter.SizeScale:1]]
[2022.03.12-00.03.09:191][  0]LogConfig: Setting CVar [[r.Tonemapper.Quality:5]]
[2022.03.12-00.03.09:191][  0]LogConfig: Setting CVar [[r.DOF.Gather.AccumulatorQuality:1        ; higher gathering accumulator quality]]
[2022.03.12-00.03.09:191][  0]LogConfig: Setting CVar [[r.DOF.Gather.PostfilterMethod:1          ; Median3x3 postfilering method]]
[2022.03.12-00.03.09:191][  0]LogConfig: Setting CVar [[r.DOF.Gather.EnableBokehSettings:0       ; no bokeh simulation when gathering]]
[2022.03.12-00.03.09:191][  0]LogConfig: Setting CVar [[r.DOF.Gather.RingCount:4                 ; medium number of samples when gathering]]
[2022.03.12-00.03.09:191][  0]LogConfig: Setting CVar [[r.DOF.Scatter.ForegroundCompositing:1    ; additive foreground scattering]]
[2022.03.12-00.03.09:191][  0]LogConfig: Setting CVar [[r.DOF.Scatter.BackgroundCompositing:2    ; additive background scattering]]
[2022.03.12-00.03.09:191][  0]LogConfig: Setting CVar [[r.DOF.Scatter.EnableBokehSettings:1      ; bokeh simulation when scattering]]
[2022.03.12-00.03.09:191][  0]LogConfig: Setting CVar [[r.DOF.Scatter.MaxSpriteRatio:0.1         ; only a maximum of 10% of scattered bokeh]]
[2022.03.12-00.03.09:191][  0]LogConfig: Setting CVar [[r.DOF.Recombine.Quality:1                ; cheap slight out of focus]]
[2022.03.12-00.03.09:191][  0]LogConfig: Setting CVar [[r.DOF.Recombine.EnableBokehSettings:0    ; no bokeh simulation on slight out of focus]]
[2022.03.12-00.03.09:191][  0]LogConfig: Setting CVar [[r.DOF.TemporalAAQuality:1                ; more stable temporal accumulation]]
[2022.03.12-00.03.09:191][  0]LogConfig: Setting CVar [[r.DOF.Kernel.MaxForegroundRadius:0.025]]
[2022.03.12-00.03.09:191][  0]LogConfig: Setting CVar [[r.DOF.Kernel.MaxBackgroundRadius:0.025]]
[2022.03.12-00.03.09:191][  0]LogConfig: Applying CVar settings from Section [TextureQuality@3] File [D:/personal/facu/diseño de videjuegos en linea/prueba1/Saved/Config/Windows/Scalability.ini]
[2022.03.12-00.03.09:191][  0]LogConfig: Setting CVar [[r.Streaming.MipBias:0]]
[2022.03.12-00.03.09:191][  0]LogConfig: Setting CVar [[r.Streaming.AmortizeCPUToGPUCopy:0]]
[2022.03.12-00.03.09:191][  0]LogConfig: Setting CVar [[r.Streaming.MaxNumTexturesToStreamPerFrame:0]]
[2022.03.12-00.03.09:191][  0]LogConfig: Setting CVar [[r.Streaming.Boost:1]]
[2022.03.12-00.03.09:191][  0]LogConfig: Setting CVar [[r.MaxAnisotropy:8]]
[2022.03.12-00.03.09:191][  0]LogConfig: Setting CVar [[r.VT.MaxAnisotropy:8]]
[2022.03.12-00.03.09:191][  0]LogConfig: Setting CVar [[r.Streaming.LimitPoolSizeToVRAM:0]]
[2022.03.12-00.03.09:191][  0]LogConfig: Setting CVar [[r.Streaming.PoolSize:1000]]
[2022.03.12-00.03.09:191][  0]LogConfig: Setting CVar [[r.Streaming.MaxEffectiveScreenSize:0]]
[2022.03.12-00.03.09:191][  0]LogConfig: Applying CVar settings from Section [EffectsQuality@3] File [D:/personal/facu/diseño de videjuegos en linea/prueba1/Saved/Config/Windows/Scalability.ini]
[2022.03.12-00.03.09:191][  0]LogConfig: Setting CVar [[r.TranslucencyLightingVolumeDim:64]]
[2022.03.12-00.03.09:191][  0]LogConfig: Setting CVar [[r.RefractionQuality:2]]
[2022.03.12-00.03.09:191][  0]LogConfig: Setting CVar [[r.SSR.Quality:3]]
[2022.03.12-00.03.09:191][  0]LogConfig: Setting CVar [[r.SSR.HalfResSceneColor:0]]
[2022.03.12-00.03.09:191][  0]LogConfig: Setting CVar [[r.SceneColorFormat:4]]
[2022.03.12-00.03.09:191][  0]LogConfig: Setting CVar [[r.DetailMode:2]]
[2022.03.12-00.03.09:191][  0]LogConfig: Setting CVar [[r.TranslucencyVolumeBlur:1]]
[2022.03.12-00.03.09:191][  0]LogConfig: Setting CVar [[r.MaterialQualityLevel:1 ; High quality]]
[2022.03.12-00.03.09:191][  0]LogConfig: Setting CVar [[r.AnisotropicMaterials:1]]
[2022.03.12-00.03.09:191][  0]LogConfig: Setting CVar [[r.SSS.Scale:1]]
[2022.03.12-00.03.09:191][  0]LogConfig: Setting CVar [[r.SSS.SampleSet:2]]
[2022.03.12-00.03.09:191][  0]LogConfig: Setting CVar [[r.SSS.Quality:1]]
[2022.03.12-00.03.09:191][  0]LogConfig: Setting CVar [[r.SSS.HalfRes:0]]
[2022.03.12-00.03.09:191][  0]LogConfig: Setting CVar [[r.SSGI.Quality:3]]
[2022.03.12-00.03.09:191][  0]LogConfig: Setting CVar [[r.EmitterSpawnRateScale:1.0]]
[2022.03.12-00.03.09:191][  0]LogConfig: Setting CVar [[r.ParticleLightQuality:2]]
[2022.03.12-00.03.09:191][  0]LogConfig: Setting CVar [[r.SkyAtmosphere.AerialPerspectiveLUT.FastApplyOnOpaque:1 ; Always have FastSkyLUT 1 in this case to avoid wrong sky]]
[2022.03.12-00.03.09:191][  0]LogConfig: Setting CVar [[r.SkyAtmosphere.AerialPerspectiveLUT.SampleCountMaxPerSlice:4]]
[2022.03.12-00.03.09:191][  0]LogConfig: Setting CVar [[r.SkyAtmosphere.AerialPerspectiveLUT.DepthResolution:16.0]]
[2022.03.12-00.03.09:191][  0]LogConfig: Setting CVar [[r.SkyAtmosphere.FastSkyLUT:1]]
[2022.03.12-00.03.09:191][  0]LogConfig: Setting CVar [[r.SkyAtmosphere.FastSkyLUT.SampleCountMin:4.0]]
[2022.03.12-00.03.09:191][  0]LogConfig: Setting CVar [[r.SkyAtmosphere.FastSkyLUT.SampleCountMax:128.0]]
[2022.03.12-00.03.09:191][  0]LogConfig: Setting CVar [[r.SkyAtmosphere.SampleCountMin:4.0]]
[2022.03.12-00.03.09:191][  0]LogConfig: Setting CVar [[r.SkyAtmosphere.SampleCountMax:128.0]]
[2022.03.12-00.03.09:191][  0]LogConfig: Setting CVar [[r.SkyAtmosphere.TransmittanceLUT.UseSmallFormat:0]]
[2022.03.12-00.03.09:191][  0]LogConfig: Setting CVar [[r.SkyAtmosphere.TransmittanceLUT.SampleCount:10.0]]
[2022.03.12-00.03.09:191][  0]LogConfig: Setting CVar [[r.SkyAtmosphere.MultiScatteringLUT.SampleCount:15.0]]
[2022.03.12-00.03.09:191][  0]LogConfig: Setting CVar [[r.SkyLight.RealTimeReflectionCapture:1]]
[2022.03.12-00.03.09:191][  0]LogConfig: Applying CVar settings from Section [FoliageQuality@3] File [D:/personal/facu/diseño de videjuegos en linea/prueba1/Saved/Config/Windows/Scalability.ini]
[2022.03.12-00.03.09:191][  0]LogConfig: Setting CVar [[foliage.DensityScale:1.0]]
[2022.03.12-00.03.09:192][  0]LogConfig: Setting CVar [[grass.DensityScale:1.0]]
[2022.03.12-00.03.09:192][  0]LogConfig: Applying CVar settings from Section [ShadingQuality@3] File [D:/personal/facu/diseño de videjuegos en linea/prueba1/Saved/Config/Windows/Scalability.ini]
[2022.03.12-00.03.09:192][  0]LogConfig: Setting CVar [[r.HairStrands.SkyLighting.IntegrationType:2]]
[2022.03.12-00.03.09:192][  0]LogConfig: Setting CVar [[r.HairStrands.SkyAO.SampleCount:4]]
[2022.03.12-00.03.09:192][  0]LogConfig: Setting CVar [[r.HairStrands.Visibility.MSAA.SamplePerPixel:4]]
[2022.03.12-00.03.09:192][  0]LogInit: Selected Device Profile: [Windows]
[2022.03.12-00.03.09:192][  0]LogInit: Applying CVar settings loaded from the selected device profile: [Windows]
[2022.03.12-00.03.09:192][  0]LogHAL: Display: Platform has ~ 16 GB [16964153344 / 17179869184 / 16], which maps to Larger [LargestMinGB=32, LargerMinGB=12, DefaultMinGB=8, SmallerMinGB=6, SmallestMinGB=0)
[2022.03.12-00.03.09:192][  0]LogInit: Going up to parent DeviceProfile []
[2022.03.12-00.03.09:192][  0]LogConfig: Applying CVar settings from Section [ViewDistanceQuality@3] File [D:/personal/facu/diseño de videjuegos en linea/prueba1/Saved/Config/Windows/Scalability.ini]
[2022.03.12-00.03.09:192][  0]LogConfig: Setting CVar [[r.SkeletalMeshLODBias:0]]
[2022.03.12-00.03.09:192][  0]LogConfig: Setting CVar [[r.ViewDistanceScale:1.0]]
[2022.03.12-00.03.09:192][  0]LogConfig: Applying CVar settings from Section [AntiAliasingQuality@3] File [D:/personal/facu/diseño de videjuegos en linea/prueba1/Saved/Config/Windows/Scalability.ini]
[2022.03.12-00.03.09:192][  0]LogConfig: Setting CVar [[r.PostProcessAAQuality:4]]
[2022.03.12-00.03.09:192][  0]LogConfig: Applying CVar settings from Section [ShadowQuality@3] File [D:/personal/facu/diseño de videjuegos en linea/prueba1/Saved/Config/Windows/Scalability.ini]
[2022.03.12-00.03.09:192][  0]LogConfig: Setting CVar [[r.LightFunctionQuality:1]]
[2022.03.12-00.03.09:192][  0]LogConfig: Setting CVar [[r.ShadowQuality:5]]
[2022.03.12-00.03.09:192][  0]LogConfig: Setting CVar [[r.Shadow.CSM.MaxCascades:10]]
[2022.03.12-00.03.09:192][  0]LogConfig: Setting CVar [[r.Shadow.MaxResolution:2048]]
[2022.03.12-00.03.09:192][  0]LogConfig: Setting CVar [[r.Shadow.MaxCSMResolution:2048]]
[2022.03.12-00.03.09:192][  0]LogConfig: Setting CVar [[r.Shadow.RadiusThreshold:0.01]]
[2022.03.12-00.03.09:192][  0]LogConfig: Setting CVar [[r.Shadow.DistanceScale:1.0]]
[2022.03.12-00.03.09:192][  0]LogConfig: Setting CVar [[r.Shadow.CSM.TransitionScale:1.0]]
[2022.03.12-00.03.09:192][  0]LogConfig: Setting CVar [[r.Shadow.PreShadowResolutionFactor:1.0]]
[2022.03.12-00.03.09:192][  0]LogConfig: Setting CVar [[r.DistanceFieldShadowing:1]]
[2022.03.12-00.03.09:193][  0]LogConfig: Setting CVar [[r.DistanceFieldAO:1]]
[2022.03.12-00.03.09:193][  0]LogConfig: Setting CVar [[r.AOQuality:2]]
[2022.03.12-00.03.09:193][  0]LogConfig: Setting CVar [[r.VolumetricFog:1]]
[2022.03.12-00.03.09:193][  0]LogConfig: Setting CVar [[r.VolumetricFog.GridPixelSize:8]]
[2022.03.12-00.03.09:193][  0]LogConfig: Setting CVar [[r.VolumetricFog.GridSizeZ:128]]
[2022.03.12-00.03.09:193][  0]LogConfig: Setting CVar [[r.VolumetricFog.HistoryMissSupersampleCount:4]]
[2022.03.12-00.03.09:193][  0]LogConfig: Setting CVar [[r.LightMaxDrawDistanceScale:1]]
[2022.03.12-00.03.09:193][  0]LogConfig: Setting CVar [[r.CapsuleShadows:1]]
[2022.03.12-00.03.09:193][  0]LogConfig: Applying CVar settings from Section [PostProcessQuality@3] File [D:/personal/facu/diseño de videjuegos en linea/prueba1/Saved/Config/Windows/Scalability.ini]
[2022.03.12-00.03.09:193][  0]LogConfig: Setting CVar [[r.MotionBlurQuality:4]]
[2022.03.12-00.03.09:193][  0]LogConfig: Setting CVar [[r.AmbientOcclusionMipLevelFactor:0.4]]
[2022.03.12-00.03.09:193][  0]LogConfig: Setting CVar [[r.AmbientOcclusionMaxQuality:100]]
[2022.03.12-00.03.09:193][  0]LogConfig: Setting CVar [[r.AmbientOcclusionLevels:-1]]
[2022.03.12-00.03.09:193][  0]LogConfig: Setting CVar [[r.AmbientOcclusionRadiusScale:1.0]]
[2022.03.12-00.03.09:193][  0]LogConfig: Setting CVar [[r.DepthOfFieldQuality:2]]
[2022.03.12-00.03.09:193][  0]LogConfig: Setting CVar [[r.RenderTargetPoolMin:400]]
[2022.03.12-00.03.09:193][  0]LogConfig: Setting CVar [[r.LensFlareQuality:2]]
[2022.03.12-00.03.09:193][  0]LogConfig: Setting CVar [[r.SceneColorFringeQuality:1]]
[2022.03.12-00.03.09:193][  0]LogConfig: Setting CVar [[r.EyeAdaptationQuality:2]]
[2022.03.12-00.03.09:193][  0]LogConfig: Setting CVar [[r.BloomQuality:5]]
[2022.03.12-00.03.09:193][  0]LogConfig: Setting CVar [[r.FastBlurThreshold:100]]
[2022.03.12-00.03.09:193][  0]LogConfig: Setting CVar [[r.Upscale.Quality:3]]
[2022.03.12-00.03.09:193][  0]LogConfig: Setting CVar [[r.Tonemapper.GrainQuantization:1]]
[2022.03.12-00.03.09:193][  0]LogConfig: Setting CVar [[r.LightShaftQuality:1]]
[2022.03.12-00.03.09:193][  0]LogConfig: Setting CVar [[r.Filter.SizeScale:1]]
[2022.03.12-00.03.09:193][  0]LogConfig: Setting CVar [[r.Tonemapper.Quality:5]]
[2022.03.12-00.03.09:193][  0]LogConfig: Setting CVar [[r.DOF.Gather.AccumulatorQuality:1        ; higher gathering accumulator quality]]
[2022.03.12-00.03.09:193][  0]LogConfig: Setting CVar [[r.DOF.Gather.PostfilterMethod:1          ; Median3x3 postfilering method]]
[2022.03.12-00.03.09:193][  0]LogConfig: Setting CVar [[r.DOF.Gather.EnableBokehSettings:0       ; no bokeh simulation when gathering]]
[2022.03.12-00.03.09:193][  0]LogConfig: Setting CVar [[r.DOF.Gather.RingCount:4                 ; medium number of samples when gathering]]
[2022.03.12-00.03.09:193][  0]LogConfig: Setting CVar [[r.DOF.Scatter.ForegroundCompositing:1    ; additive foreground scattering]]
[2022.03.12-00.03.09:193][  0]LogConfig: Setting CVar [[r.DOF.Scatter.BackgroundCompositing:2    ; additive background scattering]]
[2022.03.12-00.03.09:193][  0]LogConfig: Setting CVar [[r.DOF.Scatter.EnableBokehSettings:1      ; bokeh simulation when scattering]]
[2022.03.12-00.03.09:193][  0]LogConfig: Setting CVar [[r.DOF.Scatter.MaxSpriteRatio:0.1         ; only a maximum of 10% of scattered bokeh]]
[2022.03.12-00.03.09:194][  0]LogConfig: Setting CVar [[r.DOF.Recombine.Quality:1                ; cheap slight out of focus]]
[2022.03.12-00.03.09:194][  0]LogConfig: Setting CVar [[r.DOF.Recombine.EnableBokehSettings:0    ; no bokeh simulation on slight out of focus]]
[2022.03.12-00.03.09:194][  0]LogConfig: Setting CVar [[r.DOF.TemporalAAQuality:1                ; more stable temporal accumulation]]
[2022.03.12-00.03.09:194][  0]LogConfig: Setting CVar [[r.DOF.Kernel.MaxForegroundRadius:0.025]]
[2022.03.12-00.03.09:194][  0]LogConfig: Setting CVar [[r.DOF.Kernel.MaxBackgroundRadius:0.025]]
[2022.03.12-00.03.09:194][  0]LogConfig: Applying CVar settings from Section [TextureQuality@3] File [D:/personal/facu/diseño de videjuegos en linea/prueba1/Saved/Config/Windows/Scalability.ini]
[2022.03.12-00.03.09:194][  0]LogConfig: Setting CVar [[r.Streaming.MipBias:0]]
[2022.03.12-00.03.09:194][  0]LogConfig: Setting CVar [[r.Streaming.AmortizeCPUToGPUCopy:0]]
[2022.03.12-00.03.09:194][  0]LogConfig: Setting CVar [[r.Streaming.MaxNumTexturesToStreamPerFrame:0]]
[2022.03.12-00.03.09:194][  0]LogConfig: Setting CVar [[r.Streaming.Boost:1]]
[2022.03.12-00.03.09:194][  0]LogConfig: Setting CVar [[r.MaxAnisotropy:8]]
[2022.03.12-00.03.09:194][  0]LogConfig: Setting CVar [[r.VT.MaxAnisotropy:8]]
[2022.03.12-00.03.09:194][  0]LogConfig: Setting CVar [[r.Streaming.LimitPoolSizeToVRAM:0]]
[2022.03.12-00.03.09:194][  0]LogConfig: Setting CVar [[r.Streaming.PoolSize:1000]]
[2022.03.12-00.03.09:194][  0]LogConfig: Setting CVar [[r.Streaming.MaxEffectiveScreenSize:0]]
[2022.03.12-00.03.09:194][  0]LogConfig: Applying CVar settings from Section [EffectsQuality@3] File [D:/personal/facu/diseño de videjuegos en linea/prueba1/Saved/Config/Windows/Scalability.ini]
[2022.03.12-00.03.09:194][  0]LogConfig: Setting CVar [[r.TranslucencyLightingVolumeDim:64]]
[2022.03.12-00.03.09:194][  0]LogConfig: Setting CVar [[r.RefractionQuality:2]]
[2022.03.12-00.03.09:194][  0]LogConfig: Setting CVar [[r.SSR.Quality:3]]
[2022.03.12-00.03.09:194][  0]LogConfig: Setting CVar [[r.SSR.HalfResSceneColor:0]]
[2022.03.12-00.03.09:194][  0]LogConfig: Setting CVar [[r.SceneColorFormat:4]]
[2022.03.12-00.03.09:194][  0]LogConfig: Setting CVar [[r.DetailMode:2]]
[2022.03.12-00.03.09:194][  0]LogConfig: Setting CVar [[r.TranslucencyVolumeBlur:1]]
[2022.03.12-00.03.09:194][  0]LogConfig: Setting CVar [[r.MaterialQualityLevel:1 ; High quality]]
[2022.03.12-00.03.09:194][  0]LogConfig: Setting CVar [[r.AnisotropicMaterials:1]]
[2022.03.12-00.03.09:194][  0]LogConfig: Setting CVar [[r.SSS.Scale:1]]
[2022.03.12-00.03.09:194][  0]LogConfig: Setting CVar [[r.SSS.SampleSet:2]]
[2022.03.12-00.03.09:194][  0]LogConfig: Setting CVar [[r.SSS.Quality:1]]
[2022.03.12-00.03.09:194][  0]LogConfig: Setting CVar [[r.SSS.HalfRes:0]]
[2022.03.12-00.03.09:194][  0]LogConfig: Setting CVar [[r.SSGI.Quality:3]]
[2022.03.12-00.03.09:194][  0]LogConfig: Setting CVar [[r.EmitterSpawnRateScale:1.0]]
[2022.03.12-00.03.09:194][  0]LogConfig: Setting CVar [[r.ParticleLightQuality:2]]
[2022.03.12-00.03.09:194][  0]LogConfig: Setting CVar [[r.SkyAtmosphere.AerialPerspectiveLUT.FastApplyOnOpaque:1 ; Always have FastSkyLUT 1 in this case to avoid wrong sky]]
[2022.03.12-00.03.09:194][  0]LogConfig: Setting CVar [[r.SkyAtmosphere.AerialPerspectiveLUT.SampleCountMaxPerSlice:4]]
[2022.03.12-00.03.09:194][  0]LogConfig: Setting CVar [[r.SkyAtmosphere.AerialPerspectiveLUT.DepthResolution:16.0]]
[2022.03.12-00.03.09:194][  0]LogConfig: Setting CVar [[r.SkyAtmosphere.FastSkyLUT:1]]
[2022.03.12-00.03.09:194][  0]LogConfig: Setting CVar [[r.SkyAtmosphere.FastSkyLUT.SampleCountMin:4.0]]
[2022.03.12-00.03.09:194][  0]LogConfig: Setting CVar [[r.SkyAtmosphere.FastSkyLUT.SampleCountMax:128.0]]
[2022.03.12-00.03.09:194][  0]LogConfig: Setting CVar [[r.SkyAtmosphere.SampleCountMin:4.0]]
[2022.03.12-00.03.09:195][  0]LogConfig: Setting CVar [[r.SkyAtmosphere.SampleCountMax:128.0]]
[2022.03.12-00.03.09:195][  0]LogConfig: Setting CVar [[r.SkyAtmosphere.TransmittanceLUT.UseSmallFormat:0]]
[2022.03.12-00.03.09:195][  0]LogConfig: Setting CVar [[r.SkyAtmosphere.TransmittanceLUT.SampleCount:10.0]]
[2022.03.12-00.03.09:195][  0]LogConfig: Setting CVar [[r.SkyAtmosphere.MultiScatteringLUT.SampleCount:15.0]]
[2022.03.12-00.03.09:195][  0]LogConfig: Setting CVar [[r.SkyLight.RealTimeReflectionCapture:1]]
[2022.03.12-00.03.09:195][  0]LogConfig: Applying CVar settings from Section [FoliageQuality@3] File [D:/personal/facu/diseño de videjuegos en linea/prueba1/Saved/Config/Windows/Scalability.ini]
[2022.03.12-00.03.09:195][  0]LogConfig: Setting CVar [[foliage.DensityScale:1.0]]
[2022.03.12-00.03.09:195][  0]LogConfig: Setting CVar [[grass.DensityScale:1.0]]
[2022.03.12-00.03.09:195][  0]LogConfig: Applying CVar settings from Section [ShadingQuality@3] File [D:/personal/facu/diseño de videjuegos en linea/prueba1/Saved/Config/Windows/Scalability.ini]
[2022.03.12-00.03.09:195][  0]LogConfig: Setting CVar [[r.HairStrands.SkyLighting.IntegrationType:2]]
[2022.03.12-00.03.09:195][  0]LogConfig: Setting CVar [[r.HairStrands.SkyAO.SampleCount:4]]
[2022.03.12-00.03.09:195][  0]LogConfig: Setting CVar [[r.HairStrands.Visibility.MSAA.SamplePerPixel:4]]
[2022.03.12-00.03.09:195][  0]LogConfig: Applying CVar settings from Section [Startup] File [../../../Engine/Config/ConsoleVariables.ini]
[2022.03.12-00.03.09:195][  0]LogConfig: Setting CVar [[net.UseAdaptiveNetUpdateFrequency:0]]
[2022.03.12-00.03.09:195][  0]LogConfig: Setting CVar [[p.chaos.AllowCreatePhysxBodies:1]]
[2022.03.12-00.03.09:195][  0]LogConfig: Setting CVar [[fx.SkipVectorVMBackendOptimizations:1]]
[2022.03.12-00.03.09:195][  0]LogConfig: Applying CVar settings from Section [ConsoleVariables] File [D:/personal/facu/diseño de videjuegos en linea/prueba1/Saved/Config/Windows/Engine.ini]
[2022.03.12-00.03.09:195][  0]LogConfig: Applying CVar settings from Section [ConsoleVariables] File [D:/personal/facu/diseño de videjuegos en linea/prueba1/Saved/Config/Windows/Editor.ini]
[2022.03.12-00.03.09:195][  0]LogInit: Computer: DESKTOP-71CBIUM
[2022.03.12-00.03.09:195][  0]LogInit: User: juan
[2022.03.12-00.03.09:195][  0]LogInit: CPU Page size=4096, Cores=6
[2022.03.12-00.03.09:195][  0]LogInit: High frequency timer resolution =10.000000 MHz
[2022.03.12-00.03.09:196][  0]LogMemory: Memory total: Physical=15.8GB (16GB approx)
[2022.03.12-00.03.09:196][  0]LogMemory: Platform Memory Stats for Windows
[2022.03.12-00.03.09:196][  0]LogMemory: Process Physical Memory: 144.55 MB used, 144.55 MB peak
[2022.03.12-00.03.09:196][  0]LogMemory: Process Virtual Memory: 129.95 MB used, 129.95 MB peak
[2022.03.12-00.03.09:196][  0]LogMemory: Physical Memory: 10036.81 MB used,  6141.46 MB free, 16178.28 MB total
[2022.03.12-00.03.09:196][  0]LogMemory: Virtual Memory: 134213176.00 MB used,  4554.21 MB free, 134217728.00 MB total
[2022.03.12-00.03.09:202][  0]LogWindows: WindowsPlatformFeatures enabled
[2022.03.12-00.03.09:254][  0]LogInit: Physics initialised using underlying interface: PhysX
[2022.03.12-00.03.09:255][  0]LogInit: Overriding language with editor language configuration option (en).
[2022.03.12-00.03.09:255][  0]LogInit: Overriding language with editor locale configuration option (en).
[2022.03.12-00.03.09:481][  0]LogInit: Setting process to per monitor DPI aware
[2022.03.12-00.03.09:495][  0]LogWindowsTextInputMethodSystem: Display: IME system deactivated.
[2022.03.12-00.03.09:511][  0]LogSlate: New Slate User Created.  User Index 0, Is Virtual User: 0
[2022.03.12-00.03.09:511][  0]LogSlate: Slate User Registered.  User Index 0, Is Virtual User: 0
[2022.03.12-00.03.09:752][  0]LogD3D11RHI: Loaded GFSDK_Aftermath_Lib.x64.dll
[2022.03.12-00.03.09:797][  0]LogHMD: Failed to initialize OpenVR with code 110
[2022.03.12-00.03.09:797][  0]LogD3D11RHI: D3D11 min allowed feature level: 11_0
[2022.03.12-00.03.09:797][  0]LogD3D11RHI: D3D11 max allowed feature level: 11_0
[2022.03.12-00.03.09:797][  0]LogD3D11RHI: D3D11 adapters:
[2022.03.12-00.03.09:936][  0]LogD3D11RHI:    0. 'NVIDIA GeForce GTX 1050 Ti' (Feature Level 11_0)
[2022.03.12-00.03.09:936][  0]LogD3D11RHI:       4018/0/8089 MB DedicatedVideo/DedicatedSystem/SharedSystem, Outputs:1, VendorId:0x10de
[2022.03.12-00.03.09:975][  0]LogD3D11RHI:    1. 'Intel(R) UHD Graphics 630' (Feature Level 11_0)
[2022.03.12-00.03.09:975][  0]LogD3D11RHI:       128/0/8089 MB DedicatedVideo/DedicatedSystem/SharedSystem, Outputs:0, VendorId:0x8086
[2022.03.12-00.03.09:982][  0]LogD3D11RHI:    2. 'Microsoft Basic Render Driver' (Feature Level 11_0)
[2022.03.12-00.03.09:982][  0]LogD3D11RHI:       0/0/8089 MB DedicatedVideo/DedicatedSystem/SharedSystem, Outputs:0, VendorId:0x1414
[2022.03.12-00.03.09:982][  0]LogD3D11RHI: Chosen D3D11 Adapter:
[2022.03.12-00.03.09:982][  0]LogD3D11RHI:     Description : NVIDIA GeForce GTX 1050 Ti
[2022.03.12-00.03.09:982][  0]LogD3D11RHI:     VendorId    : 10de
[2022.03.12-00.03.09:982][  0]LogD3D11RHI:     DeviceId    : 1c8c
[2022.03.12-00.03.09:982][  0]LogD3D11RHI:     SubSysId    : 8241028
[2022.03.12-00.03.09:982][  0]LogD3D11RHI:     Revision    : 00a1
[2022.03.12-00.03.09:982][  0]LogD3D11RHI:     DedicatedVideoMemory : 4213178368 bytes
[2022.03.12-00.03.09:982][  0]LogD3D11RHI:     DedicatedSystemMemory : 0 bytes
[2022.03.12-00.03.09:982][  0]LogD3D11RHI:     SharedSystemMemory : 8482076672 bytes
[2022.03.12-00.03.09:982][  0]LogD3D11RHI:     AdapterLuid : 0 66752
[2022.03.12-00.03.09:992][  0]LogD3D11RHI: Creating new Direct3DDevice
[2022.03.12-00.03.09:992][  0]LogD3D11RHI:     GPU DeviceId: 0x1c8c (for the marketing name, search the web for "GPU Device Id")
[2022.03.12-00.03.09:992][  0]LogWindows: EnumDisplayDevices:
[2022.03.12-00.03.09:992][  0]LogWindows:    0. 'Intel(R) UHD Graphics 630' (P:1 D:1)
[2022.03.12-00.03.09:992][  0]LogWindows:    1. 'Intel(R) UHD Graphics 630' (P:0 D:0)
[2022.03.12-00.03.09:993][  0]LogWindows:    2. 'Intel(R) UHD Graphics 630' (P:0 D:0)
[2022.03.12-00.03.09:994][  0]LogWindows:    3. 'NVIDIA GeForce GTX 1050 Ti' (P:0 D:0)
[2022.03.12-00.03.09:994][  0]LogWindows: DebugString: PrimaryIsNotTheChoosenAdapter PrimaryIsNotTheChoosenAdapter PrimaryIsNotTheChoosenAdapter 
[2022.03.12-00.03.09:994][  0]LogD3D11RHI:     Adapter Name: NVIDIA GeForce GTX 1050 Ti
[2022.03.12-00.03.09:994][  0]LogD3D11RHI:   Driver Version: 497.29 (internal:30.0.14.9729, unified:497.29)
[2022.03.12-00.03.09:994][  0]LogD3D11RHI:      Driver Date: 12-15-2021
[2022.03.12-00.03.09:994][  0]LogRHI: Texture pool is 2812 MB (70% of 4018 MB)
[2022.03.12-00.03.09:994][  0]LogD3D11RHI: Creating D3DDevice using adapter:
[2022.03.12-00.03.09:994][  0]LogD3D11RHI:     Description : NVIDIA GeForce GTX 1050 Ti
[2022.03.12-00.03.09:994][  0]LogD3D11RHI:     VendorId    : 10de
[2022.03.12-00.03.09:994][  0]LogD3D11RHI:     DeviceId    : 1c8c
[2022.03.12-00.03.09:994][  0]LogD3D11RHI:     SubSysId    : 8241028
[2022.03.12-00.03.09:994][  0]LogD3D11RHI:     Revision    : 00a1
[2022.03.12-00.03.09:994][  0]LogD3D11RHI:     DedicatedVideoMemory : 4213178368 bytes
[2022.03.12-00.03.09:994][  0]LogD3D11RHI:     DedicatedSystemMemory : 0 bytes
[2022.03.12-00.03.09:994][  0]LogD3D11RHI:     SharedSystemMemory : 8482076672 bytes
[2022.03.12-00.03.09:994][  0]LogD3D11RHI:     AdapterLuid : 0 66752
[2022.03.12-00.03.10:067][  0]LogD3D11RHI: RHI has support for 64 bit atomics
[2022.03.12-00.03.10:068][  0]LogD3D11RHI: Async texture creation enabled
[2022.03.12-00.03.10:068][  0]LogD3D11RHI: Array index from any shader is supported
[2022.03.12-00.03.10:085][  0]LogD3D11RHI: GPU Timing Frequency: 1000.000000 (Debug: 2 1)
[2022.03.12-00.03.10:131][  0]LogRHI: GeForceNow SDK initialized: 1
[2022.03.12-00.03.10:509][  0]LogTargetPlatformManager: Display: Loaded TargetPlatform 'AllDesktop'
[2022.03.12-00.03.10:533][  0]LogTargetPlatformManager: Display: Loaded TargetPlatform 'Android'
[2022.03.12-00.03.10:533][  0]LogTargetPlatformManager: Display: Loaded TargetPlatform 'Android_ASTC'
[2022.03.12-00.03.10:533][  0]LogTargetPlatformManager: Display: Loaded TargetPlatform 'Android_DXT'
[2022.03.12-00.03.10:533][  0]LogTargetPlatformManager: Display: Loaded TargetPlatform 'Android_ETC2'
[2022.03.12-00.03.10:533][  0]LogTargetPlatformManager: Display: Loaded TargetPlatform 'AndroidClient'
[2022.03.12-00.03.10:533][  0]LogTargetPlatformManager: Display: Loaded TargetPlatform 'Android_ASTCClient'
[2022.03.12-00.03.10:533][  0]LogTargetPlatformManager: Display: Loaded TargetPlatform 'Android_DXTClient'
[2022.03.12-00.03.10:533][  0]LogTargetPlatformManager: Display: Loaded TargetPlatform 'Android_ETC2Client'
[2022.03.12-00.03.10:533][  0]LogTargetPlatformManager: Display: Loaded TargetPlatform 'Android_Multi'
[2022.03.12-00.03.10:533][  0]LogTargetPlatformManager: Display: Loaded TargetPlatform 'Android_MultiClient'
[2022.03.12-00.03.10:550][  0]LogTargetPlatformManager: Display: Loaded TargetPlatform 'IOSClient'
[2022.03.12-00.03.10:550][  0]LogTargetPlatformManager: Display: Loaded TargetPlatform 'IOS'
[2022.03.12-00.03.10:561][  0]LogTargetPlatformManager: Display: Loaded TargetPlatform 'Linux'
[2022.03.12-00.03.10:565][  0]LogTargetPlatformManager: Display: Loaded TargetPlatform 'LinuxNoEditor'
[2022.03.12-00.03.10:570][  0]LogTargetPlatformManager: Display: Loaded TargetPlatform 'LinuxClient'
[2022.03.12-00.03.10:574][  0]LogTargetPlatformManager: Display: Loaded TargetPlatform 'LinuxServer'
[2022.03.12-00.03.10:593][  0]LogTargetPlatformManager: Display: Loaded TargetPlatform 'LinuxAArch64NoEditor'
[2022.03.12-00.03.10:598][  0]LogTargetPlatformManager: Display: Loaded TargetPlatform 'LinuxAArch64Client'
[2022.03.12-00.03.10:603][  0]LogTargetPlatformManager: Display: Loaded TargetPlatform 'LinuxAArch64Server'
[2022.03.12-00.03.10:630][  0]LogTargetPlatformManager: Display: Loaded TargetPlatform 'Lumin'
[2022.03.12-00.03.10:630][  0]LogTargetPlatformManager: Display: Loaded TargetPlatform 'LuminClient'
[2022.03.12-00.03.10:640][  0]LogTargetPlatformManager: Display: Loaded TargetPlatform 'MacNoEditor'
[2022.03.12-00.03.10:646][  0]LogTargetPlatformManager: Display: Loaded TargetPlatform 'Mac'
[2022.03.12-00.03.10:651][  0]LogTargetPlatformManager: Display: Loaded TargetPlatform 'MacClient'
[2022.03.12-00.03.10:657][  0]LogTargetPlatformManager: Display: Loaded TargetPlatform 'MacServer'
[2022.03.12-00.03.10:671][  0]LogTargetPlatformManager: Display: Loaded TargetPlatform 'TVOSClient'
[2022.03.12-00.03.10:671][  0]LogTargetPlatformManager: Display: Loaded TargetPlatform 'TVOS'
[2022.03.12-00.03.10:683][  0]LogTargetPlatformManager: Display: Loaded TargetPlatform 'WindowsNoEditor'
[2022.03.12-00.03.10:689][  0]LogTargetPlatformManager: Display: Loaded TargetPlatform 'Windows'
[2022.03.12-00.03.10:695][  0]LogTargetPlatformManager: Display: Loaded TargetPlatform 'WindowsClient'
[2022.03.12-00.03.10:701][  0]LogTargetPlatformManager: Display: Loaded TargetPlatform 'WindowsServer'
[2022.03.12-00.03.10:701][  0]LogTargetPlatformManager: Display: Building Assets For Windows
[2022.03.12-00.03.10:709][  0]LogAudioDebug: Display: Lib vorbis DLL was dynamically loaded.
[2022.03.12-00.03.10:745][  0]LogTextureFormatOodle: Display: Oodle Texture 2.9.0 init RDO Off
[2022.03.12-00.03.10:781][  0]LogRendererCore: Ray tracing is disabled. Reason: r.RayTracing=0.
[2022.03.12-00.03.10:781][  0]LogShaderCompilers: Guid format shader working directory is -23 characters bigger than the processId version (../../../../../../personal/facu/diseño de videjuegos en linea/prueba1/Intermediate/Shaders/WorkingDirectory/1380/).
[2022.03.12-00.03.10:781][  0]LogShaderCompilers: Cleaned the shader compiler working directory 'C:/Users/juan_/AppData/Local/Temp/UnrealShaderWorkingDir/EB1841E44E640A75B5C9CDA20F988FDD/'.
[2022.03.12-00.03.10:782][  0]LogXGEController: Cannot use XGE Controller as Incredibuild is not installed on this machine.
[2022.03.12-00.03.10:782][  0]LogShaderCompilers: Cannot use XGE Shader Compiler as Incredibuild is not installed on this machine.
[2022.03.12-00.03.10:782][  0]LogShaderCompilers: Display: Using Local Shader Compiler.
[2022.03.12-00.03.11:681][  0]LogDerivedDataCache: Display: Max Cache Size: 512 MB
[2022.03.12-00.03.11:753][  0]LogDerivedDataCache: Loaded boot cache 0.07s 94MB C:/Users/juan_/AppData/Local/UnrealEngine/4.27/DerivedDataCache/Boot.ddc.
[2022.03.12-00.03.11:753][  0]LogDerivedDataCache: Display: Loaded Boot cache: C:/Users/juan_/AppData/Local/UnrealEngine/4.27/DerivedDataCache/Boot.ddc
[2022.03.12-00.03.11:753][  0]LogDerivedDataCache: FDerivedDataBackendGraph:  Pak pak cache file ../../../../../../personal/facu/diseño de videjuegos en linea/prueba1/DerivedDataCache/DDC.ddp not found, will not use a pak cache.
[2022.03.12-00.03.11:753][  0]LogDerivedDataCache: Unable to find inner node Pak for hierarchical cache Hierarchy.
[2022.03.12-00.03.11:753][  0]LogDerivedDataCache: FDerivedDataBackendGraph:  CompressedPak pak cache file ../../../../../../personal/facu/diseño de videjuegos en linea/prueba1/DerivedDataCache/Compressed.ddp not found, will not use a pak cache.
[2022.03.12-00.03.11:753][  0]LogDerivedDataCache: Unable to find inner node CompressedPak for hierarchical cache Hierarchy.
[2022.03.12-00.03.11:770][  0]LogDerivedDataCache: Display: Pak cache opened for reading ../../../Engine/DerivedDataCache/Compressed.ddp.
[2022.03.12-00.03.11:770][  0]LogDerivedDataCache: FDerivedDataBackendGraph:  EnterprisePak pak cache file ../../../Enterprise/DerivedDataCache/Compressed.ddp not found, will not use a pak cache.
[2022.03.12-00.03.11:770][  0]LogDerivedDataCache: Unable to find inner node EnterprisePak for hierarchical cache Hierarchy.
[2022.03.12-00.03.11:780][  0]LogDerivedDataCache: Speed tests for C:/Users/juan_/AppData/Local/UnrealEngine/Common/DerivedDataCache took 0.01 seconds
[2022.03.12-00.03.11:780][  0]LogDerivedDataCache: Display: Performance to C:/Users/juan_/AppData/Local/UnrealEngine/Common/DerivedDataCache: Latency=0.03ms. RandomReadSpeed=879.30MBs, RandomWriteSpeed=119.71MBs. Assigned SpeedClass 'Local'
[2022.03.12-00.03.11:781][  0]LogDerivedDataCache: Using Local data cache path C:/Users/juan_/AppData/Local/UnrealEngine/Common/DerivedDataCache: Writable
[2022.03.12-00.03.11:781][  0]LogDerivedDataCache: Shared data cache path not found in *engine.ini, will not use an Shared cache.
[2022.03.12-00.03.11:781][  0]LogDerivedDataCache: Unable to find inner node Shared for hierarchical cache Hierarchy.
[2022.03.12-00.03.11:834][  0]LogSlate: Using FreeType 2.10.0
[2022.03.12-00.03.11:834][  0]LogSlate: SlateFontServices - WITH_FREETYPE: 1, WITH_HARFBUZZ: 1
[2022.03.12-00.03.11:865][  0]LogAssetRegistry: FAssetRegistry took 0.0025 seconds to start up
[2022.03.12-00.03.12:109][  0]LogInit: Selected Device Profile: [Windows]
[2022.03.12-00.03.12:109][  0]LogInit: Active device profile: [0000021EEF070F00][0000021EE82031C0 49] Windows
[2022.03.12-00.03.12:109][  0]LogInit: Profiles: [0000021EEF070F00][0000021EE82031C0 49] Windows, [0000021EEF02A600][0000021EEDBBF340 49] WindowsNoEditor, [0000021EEF071F00][0000021EEDBC34C0 49] WindowsServer, [0000021EEF029800][0000021EEDBC7640 49] WindowsClient, [0000021EEF071000][0000021EEDBCB7C0 49] IOS, [0000021EEF02BC00][0000021EEDBCF940 49] iPadAir, [0000021EEF073300][0000021EEDBD3AC0 49] iPadAir2, [0000021EF03D5300][0000021EEDBDA200 49] IPadPro, [0000021EF03D5400][0000021EEDBD6240 49] iPadAir3, [0000021EEF028B00][0000021EEDBDE3C0 49] iPadAir4, [0000021EF03D6100][0000021EEDBE2540 49] iPadMini2, [0000021EEF02B600][0000021EEDBE66C0 49] iPadMini3, [0000021EF03D6C00][0000021EEDBEA840 49] iPadMini4, [0000021EEF02A900][0000021EE5946980 49] iPadMini5, [0000021EEF00CE00][0000021EE4CD4BC0 49] iPhone6, [0000021EEF00CF00][0000021EE4CD0C00 49] iPodTouch6, [0000021EEF072800][0000021EE4CE0E80 49] iPhone7, [0000021EEF072900][0000021EE4CD8EC0 49] iPodTouch7, [0000021EF03D4C00][0000021EE4CE5040 49] iPhone5S, [0000021EEF071300][0000021EE4CE91C0 49] iPhone6Plus, [0000021EF03D6A00][0000021EE4CED340 49] iPhone6S, [0000021EEF072D00][0000021EE4CF14C0 49] iPhone6SPlus, [0000021EEF00C100][0000021EE4CF5640 49] iPhone7Plus, [0000021EF03D5D00][0000021EE4CF97C0 49] iPhoneSE, [0000021EEF00CC00][0000021EE4CFD940 49] iPhone8, [0000021EF03D4400][0000021EE4D01AC0 49] iPhone8Plus, [0000021EEF00EA00][0000021EE4D040C0 49] iPhoneX, [0000021EF03D7C00][0000021EE4D08240 49] iPhoneXS, [0000021EEF00E900][0000021EE4D0C3C0 49] iPhoneXSMax, [0000021EF03D4B00][0000021EE4D10540 49] iPhoneXR, [0000021EEF073800][0000021EE4D146C0 49] iPhone11, [0000021EF03D7D00][0000021EE4D18840 49] iPhone11Pro, [0000021EEF071C00][0000021EE4D1C9C0 49] iPhone11ProMax, [0000021EF03D5100][0000021EE4D20B40 49] iPhoneSE2, [0000021EEF071200][0000021EE4CDCC80 49] iPhone12Mini, [0000021EF03D7100][0000021EE4D24DC0 49] iPhone12, [0000021EEF070900][0000021EE4D28F00 49] iPhone12Pro, [0000021EF03D4D00][0000021EE4D31080 49] iPhone12ProMax, [0000021EEF073C00][0000021EE4D35200 49] iPadPro105, [0000021EF03D7700][0000021EE4D39380 49] iPadPro129, [0000021EEF073000][0000021EE4D3D500 49] iPadPro97, [0000021EF03D4F00][0000021EE4D41680 49] iPadPro2_129, [0000021EEF070C00][0000021EE4D45800 49] iPad5, [0000021EF03D7B00][0000021EE4D49980 49] iPad6, [0000021EEF070400][0000021EE4D4DB00 49] iPad7, [0000021EF03D7E00][0000021EE4D50100 49] iPad8, [0000021EEF071B00][0000021EE4D54280 49] iPadPro11, [0000021EF03D6400][0000021EE4D58400 49] iPadPro2_11, [0000021EEF070800][0000021EE4D5C580 49] iPadPro3_129, [0000021EF03D6800][0000021EE4D60700 49] iPadPro4_129, [0000021EEF072F00][0000021EE4D64880 49] AppleTV, [0000021EF03D5200][0000021EEFDBEA00 49] AppleTV4K, [0000021EEF071700][0000021EEFDC2B80 49] TVOS, [0000021EF03D7600][0000021EEFDC6D00 49] Mac, [0000021EEF073A00][0000021EE4D2CE40 49] MacClient, [0000021EF03D6500][0000021EEFDCAF80 49] MacNoEditor, [0000021EEF070500][0000021EEFDCF0C0 49] MacServer, [0000021EF03D6000][0000021EEFDD7240 49] Linux, [0000021EEF073B00][0000021EEFDDB3C0 49] LinuxAArch64, [0000021EF03D4300][0000021EEFDDF540 49] LinuxNoEditor, [0000021EEF073700][0000021EEFDE36C0 49] LinuxAArch64NoEditor, [0000021EF03D6600][0000021EEFDE7840 49] LinuxClient, [0000021EEF072600][0000021EEFDEB9C0 49] LinuxAArch64Client, [0000021EF03D5A00][0000021EEFDEFB40 49] LinuxServer, [0000021EEF070200][0000021EEFDF2140 49] LinuxAArch64Server, [0000021EF03D5600][0000021EEFDF62C0 49] Android, [0000021EEF072100][0000021EEFDFA440 49] Android_Low, [0000021EF03D7800][0000021EEFDFE5C0 49] Android_Mid, [0000021EEF070600][0000021EEFE02740 49] Android_High, [0000021EF03D6300][0000021EEFE068C0 49] Android_Default, [0000021EEF072300][0000021EEFE0AA40 49] Android_Adreno4xx, [0000021EF03D7000][0000021EEFE0EBC0 49] Android_Adreno5xx_Low, [0000021EEF072A00][0000021EEFE12D40 49] Android_Adreno5xx, [0000021EF03D4100][0000021EEFE16EC0 49] Android_Adreno6xx, [0000021EEF070B00][0000021EEFDD3000 49] Android_Adreno6xx_Vulkan, [0000021EF03D4A00][0000021EEFE1B140 49] Android_Mali_T6xx, [0000021EEF070700][0000021EEFE1F280 49] Android_Mali_T7xx, [0000021EEF029C00][0000021EEFE233C0 49] Android_Mali_T8xx, [0000021EEF00C300][0000021EEFE2B540 49] Android_Mali_G71, [0000021EEF028600][0000021EEFE2F6C0 49] Android_Mali_G72, [0000021EEF00D200][0000021EEFE33840 49] Android_Mali_G72_Vulkan, [0000021EEF029400][0000021EEFE379C0 49] Android_Mali_G76, [0000021EEF00C700][0000021EEFE3BB40 49] Android_Mali_G76_Vulkan, [0000021EEF02BF00][0000021EEFE3E140 49] Android_Mali_G77, [0000021EEF00FB00][0000021EEFE422C0 49] Android_Mali_G77_Vulkan, [0000021EEF029D00][0000021EEFE46440 49] Android_Mali_G78, [0000021EEF00F100][0000021EEFE4A5C0 49] Android_Mali_G78_Vulkan, [0000021EEF02BB00][0000021EEFE4E740 49] Android_Mali_G710, [0000021EEF00EC00][0000021EEFE528C0 49] Android_Mali_G710_Vulkan, [0000021EEF02B800][0000021EEFE56A40 49] Android_Vulkan_SM5, [0000021EEF00F800][0000021EEFE5ABC0 49] Android_PowerVR_G6xxx, [0000021EEF029B00][0000021EEFE5ED40 49] Android_PowerVR_GT7xxx, [0000021EEF00DD00][0000021EEFE62EC0 49] Android_PowerVR_GE8xxx, [0000021EEF02AF00][0000021EEFE67040 49] Android_PowerVR_GM9xxx, [0000021EEF00C800][0000021EEFE27180 49] Android_PowerVR_GM9xxx_Vulkan, [0000021EEF029E00][0000021EEFE6B2C0 49] Android_TegraK1, [0000021EEF00D000][0000021EEFE6F400 49] Android_Unknown_Vulkan, [0000021EEF02A500][0000021EEFE73540 49] Lumin, [0000021EEF00FE00][0000021EEFE7B6C0 49] Lumin_Desktop, [0000021EEF02AD00][0000021EEFE7F840 49] HoloLens, 
[2022.03.12-00.03.12:158][  0]LogMeshReduction: Using QuadricMeshReduction for automatic static mesh reduction
[2022.03.12-00.03.12:158][  0]LogMeshReduction: Using SimplygonMeshReduction for automatic skeletal mesh reduction
[2022.03.12-00.03.12:158][  0]LogMeshReduction: Using ProxyLODMeshReduction for automatic mesh merging
[2022.03.12-00.03.12:158][  0]LogMeshReduction: No distributed automatic mesh merging module available
[2022.03.12-00.03.12:158][  0]LogMeshMerging: No distributed automatic mesh merging module available
[2022.03.12-00.03.12:263][  0]LogNetVersion: prueba1 1.0.0, NetCL: 17155196, EngineNetVer: 17, GameNetVer: 0 (Checksum: 2356106256)
[2022.03.12-00.03.12:741][  0]LogTexture: Default maximum texture size for cubemaps generated from long-lat sources has been changed from 512 to unlimited. In order to preserve old behaiour for '/Engine/MapTemplates/Sky/DaylightAmbientCubemap.DaylightAmbientCubemap', its maximum texture size has been explicitly set to 512.
[2022.03.12-00.03.12:808][  0]LogHMD: PokeAHoleMaterial loaded successfully
[2022.03.12-00.03.12:813][  0]LogUObjectArray: 17178 objects as part of root set at end of initial load.
[2022.03.12-00.03.12:813][  0]LogUObjectAllocator: 4302048 out of 0 bytes used by permanent object pool.
[2022.03.12-00.03.12:813][  0]LogUObjectArray: CloseDisregardForGC: 0/0 objects in disregard for GC pool
[2022.03.12-00.03.13:094][  0]LogNiagaraDebuggerClient: Niagara Debugger Client Initialized | Session: 3F7FE4B1496289F937259E8CA2EA6F85 | Instance: EABA807C4B41C055EC350ABEFC934100 (DESKTOP-71CBIUM-1380).
[2022.03.12-00.03.13:127][  0]LogPython: Using Python 3.7.7
[2022.03.12-00.03.13:709][  0]LogTcpMessaging: Initializing TcpMessaging bridge
[2022.03.12-00.03.13:713][  0]LogUdpMessaging: Initializing bridge on interface 0.0.0.0:0 to multicast group 230.0.0.1:6666.
[2022.03.12-00.03.14:032][  0]SourceControl: Source control is disabled
[2022.03.12-00.03.14:032][  0]SourceControl: Source control is disabled
[2022.03.12-00.03.14:035][  0]SourceControl: Source control is disabled
[2022.03.12-00.03.14:039][  0]SourceControl: Source control is disabled
[2022.03.12-00.03.14:051][  0]SourceControl: Source control is disabled
[2022.03.12-00.03.14:086][  0]LogUProjectInfo: Found projects:
[2022.03.12-00.03.14:090][  0]LogVSAccessor: Display: Unable to create Visual Studio setup instance: 80040154
[2022.03.12-00.03.14:091][  0]LogVSAccessor: Display: Unable to create Visual Studio setup instance: 80040154
[2022.03.12-00.03.14:092][  0]LogVSAccessor: Display: Unable to create Visual Studio setup instance: 80040154
[2022.03.12-00.03.14:208][  0]LogOpenImageDenoise: OIDN starting up
[2022.03.12-00.03.14:260][  0]LogAndroidPermission: UAndroidPermissionCallbackProxy::GetInstance
[2022.03.12-00.03.14:280][  0]LogAudioCaptureCore: Display: No Audio Capture implementations found. Audio input will be silent.
[2022.03.12-00.03.14:280][  0]LogAudioCaptureCore: Display: No Audio Capture implementations found. Audio input will be silent.
[2022.03.12-00.03.14:416][  0]LogCollectionManager: Loaded 0 collections in 0.000771 seconds
[2022.03.12-00.03.14:441][  0]LogFileCache: Scanning file cache for directory 'D:/personal/facu/diseño de videjuegos en linea/prueba1/Saved/Collections/' took 0.00s
[2022.03.12-00.03.14:441][  0]LogFileCache: Scanning file cache for directory 'D:/personal/facu/diseño de videjuegos en linea/prueba1/Content/Developers/juan/Collections/' took 0.00s
[2022.03.12-00.03.14:441][  0]LogFileCache: Scanning file cache for directory 'D:/personal/facu/diseño de videjuegos en linea/prueba1/Content/Collections/' took 0.00s
[2022.03.12-00.03.14:441][  0]LogOcInput: OculusInput pre-init called
[2022.03.12-00.03.14:709][  0]LogEngine: Initializing Engine...
[2022.03.12-00.03.14:711][  0]LogHMD: Failed to enumerate extensions. Please check that you have a valid OpenXR runtime installed.
[2022.03.12-00.03.14:711][  0]LogHMD: Failed to initialize OpenVR with code 110
[2022.03.12-00.03.14:711][  0]LogMagicLeap: Warning: VR disabled because ZI is not enabled.  To enable, in the editor, Edit -> Project Settings -> Plugins -> Magic Leap Plugin -> Enable Zero Iteration
[2022.03.12-00.03.14:712][  0]LogStats: UGameplayTagsManager::InitializeManager -  0.000 s
[2022.03.12-00.03.14:857][  0]LogInit: Initializing FReadOnlyCVARCache
[2022.03.12-00.03.14:868][  0]LogAIModule: Creating AISystem for world Untitled
[2022.03.12-00.03.14:868][  0]LogAudio: Display: Initializing Audio Device Manager...
[2022.03.12-00.03.14:872][  0]LogAudio: Display: Loading Default Audio Settings Objects...
[2022.03.12-00.03.14:873][  0]LogAudio: Display: No default SoundConcurrencyObject specified (or failed to load).
[2022.03.12-00.03.14:873][  0]LogAudio: Display: Audio Device Manager Initialized
[2022.03.12-00.03.14:873][  0]LogAudio: Display: Creating Audio Device:                 Id: 1, Scope: Shared, Realtime: True
[2022.03.12-00.03.14:873][  0]LogAudioMixer: Display: Audio Mixer Platform Settings:
[2022.03.12-00.03.14:873][  0]LogAudioMixer: Display: 	Sample Rate:						  48000
[2022.03.12-00.03.14:873][  0]LogAudioMixer: Display: 	Callback Buffer Frame Size Requested: 1024
[2022.03.12-00.03.14:873][  0]LogAudioMixer: Display: 	Callback Buffer Frame Size To Use:	  1024
[2022.03.12-00.03.14:873][  0]LogAudioMixer: Display: 	Number of buffers to queue:			  2
[2022.03.12-00.03.14:873][  0]LogAudioMixer: Display: 	Max Channels (voices):				  32
[2022.03.12-00.03.14:873][  0]LogAudioMixer: Display: 	Number of Async Source Workers:		  0
[2022.03.12-00.03.14:873][  0]LogAudio: Display: AudioDevice MaxSources: 32
[2022.03.12-00.03.14:874][  0]LogAudio: Display: Audio Spatialization Plugin: None (built-in).
[2022.03.12-00.03.14:874][  0]LogAudio: Display: Audio Reverb Plugin: None (built-in).
[2022.03.12-00.03.14:874][  0]LogAudio: Display: Audio Occlusion Plugin: None (built-in).
[2022.03.12-00.03.14:874][  0]LogAudioMixer: Display: Initializing audio mixer.
[2022.03.12-00.03.14:885][  0]LogAudioMixer: Display: 0: FrontLeft
[2022.03.12-00.03.14:885][  0]LogAudioMixer: Display: 1: FrontRight
[2022.03.12-00.03.14:903][  0]LogAudioMixer: Display: Using Audio Device Altavoces (USB PnP Sound Device)
[2022.03.12-00.03.14:905][  0]LogAudioMixer: Display: Initializing Sound Submixes...
[2022.03.12-00.03.14:908][  0]LogAudioMixer: Display: Creating Master Submix 'MasterSubmixDefault'
[2022.03.12-00.03.14:908][  0]LogAudioMixer: Display: Creating Master Submix 'MasterReverbSubmixDefault'
[2022.03.12-00.03.14:909][  0]LogAudioMixer: Display: Creating Master Submix 'MasterEQSubmixDefault'
[2022.03.12-00.03.14:909][  0]LogAudioMixer: FMixerPlatformXAudio2::StartAudioStream() called
[2022.03.12-00.03.14:909][  0]LogAudioMixer: Display: Output buffers initialized: Frames=1024, Channels=2, Samples=2048
[2022.03.12-00.03.14:910][  0]LogAudioMixer: Display: Starting AudioMixerPlatformInterface::RunInternal()
[2022.03.12-00.03.14:910][  0]LogAudioMixer: Display: FMixerPlatformXAudio2::SubmitBuffer() called for the first time
[2022.03.12-00.03.14:910][  0]LogInit: FAudioDevice initialized.
[2022.03.12-00.03.14:911][  0]LogAudio: Display: Audio Device (ID: 1) registered with world 'Untitled'.
[2022.03.12-00.03.14:911][  0]LogNetVersion: Set ProjectVersion to 1.0.0.0. Version Checksum will be recalculated on next use.
[2022.03.12-00.03.15:017][  0]LogDerivedDataCache: Saved boot cache 0.11s 94MB C:/Users/juan_/AppData/Local/UnrealEngine/4.27/DerivedDataCache/Boot.ddc.
[2022.03.12-00.03.15:017][  0]LogInit: Texture streaming: Enabled
[2022.03.12-00.03.15:034][  0]LogAnalytics: Display: [UEEditor.Rocket.Release] APIServer = https://datarouter.ol.epicgames.com/. AppVersion = 4.27.2-18319896+++UE4+Release-4.27
[2022.03.12-00.03.15:039][  0]LogEngineSessionManager: EngineSessionManager initialized
[2022.03.12-00.03.15:039][  0]LogEditorSessionSummary: Verbose: Initializing EditorSessionSummaryWriter for editor session tracking
[2022.03.12-00.03.15:044][  0]LogEditorSessionSummary: EditorSessionSummaryWriter initialized
[2022.03.12-00.03.15:082][  0]LogInit: Transaction tracking system initialized
[2022.03.12-00.03.15:106][  0]BlueprintLog: New page: Editor Load
[2022.03.12-00.03.15:172][  0]LocalizationService: Localization service is disabled
[2022.03.12-00.03.15:197][  0]TimingProfiler: Initialize
[2022.03.12-00.03.15:197][  0]TimingProfiler: OnSessionChanged
[2022.03.12-00.03.15:197][  0]LoadingProfiler: Initialize
[2022.03.12-00.03.15:197][  0]LoadingProfiler: OnSessionChanged
[2022.03.12-00.03.15:197][  0]NetworkingProfiler: Initialize
[2022.03.12-00.03.15:197][  0]NetworkingProfiler: OnSessionChanged
[2022.03.12-00.03.15:197][  0]MemoryProfiler: Initialize
[2022.03.12-00.03.15:197][  0]MemoryProfiler: OnSessionChanged
[2022.03.12-00.03.15:254][  0]LogVSAccessor: Display: Unable to create Visual Studio setup instance: 80040154
[2022.03.12-00.03.15:254][  0]LogVSAccessor: Display: Unable to create Visual Studio setup instance: 80040154
[2022.03.12-00.03.15:255][  0]LogVSAccessor: Display: Unable to create Visual Studio setup instance: 80040154
[2022.03.12-00.03.15:355][  0]LogCook: Display: CookSettings for Memory: MemoryMaxUsedVirtual 0MiB, MemoryMaxUsedPhysical 16384MiB, MemoryMinFreeVirtual 0MiB, MemoryMinFreePhysical 1024MiB
[2022.03.12-00.03.15:355][  0]LogCook: Display: Mobile HDR setting 1
[2022.03.12-00.03.15:552][  0]LogFileCache: Scanning file cache for directory 'D:/personal/facu/diseño de videjuegos en linea/prueba1/Content/' took 0.13s
[2022.03.12-00.03.15:759][  0]LogInit: Display: Engine is initialized. Leaving FEngineLoop::Init()
[2022.03.12-00.03.15:763][  0]SourceControl: Source control is disabled
[2022.03.12-00.03.15:763][  0]LogUnrealEdMisc: Loading editor; pre map load, took 8.457
[2022.03.12-00.03.15:763][  0]Cmd: MAP LOAD FILE="../../../../../../personal/facu/diseño de videjuegos en linea/prueba1/Content/FirstPersonBP/Maps/FirstPersonExampleMap.umap" TEMPLATE=0 SHOWPROGRESS=1 FEATURELEVEL=3
[2022.03.12-00.03.15:763][  0]LightingResults: New page: Lighting Build
[2022.03.12-00.03.15:765][  0]LogWorld: UWorld::CleanupWorld for Untitled, bSessionEnded=true, bCleanupResources=true
[2022.03.12-00.03.15:765][  0]LogSlate: InvalidateAllWidgets triggered.  All widgets were invalidated
[2022.03.12-00.03.15:765][  0]MapCheck: New page: Map Check
[2022.03.12-00.03.15:765][  0]LightingResults: New page: Lighting Build
[2022.03.12-00.03.16:247][  0]LogAudio: Display: Audio Device unregistered from world 'None'.
[2022.03.12-00.03.16:250][  0]LogUObjectHash: Compacting FUObjectHashTables data took   0.79ms
[2022.03.12-00.03.19:429][  0]LogAudio: Display: Audio Device (ID: 1) registered with world 'FirstPersonExampleMap'.
[2022.03.12-00.03.19:430][  0]LogAIModule: Creating AISystem for world FirstPersonExampleMap
[2022.03.12-00.03.19:588][  0]LogEditorServer: Finished looking for orphan Actors (0.000 secs)
[2022.03.12-00.03.19:596][  0]LogUObjectHash: Compacting FUObjectHashTables data took   0.83ms
[2022.03.12-00.03.19:596][  0]Cmd: MAP CHECKDEP NOCLEARLOG
[2022.03.12-00.03.19:596][  0]MapCheck: Map check complete: 0 Error(s), 0 Warning(s), took 0.094ms to complete.
[2022.03.12-00.03.19:596][  0]LogFileHelpers: Loading map 'FirstPersonExampleMap' took 3.834
[2022.03.12-00.03.19:598][  0]LogUnrealEdMisc: Total Editor Startup Time, took 12.293
[2022.03.12-00.03.19:729][  0]LogSlate: Updating window title bar state: overlay mode, drag disabled, window buttons hidden, title bar hidden
[2022.03.12-00.03.19:736][  0]LogSlate: Updating window title bar state: overlay mode, drag disabled, window buttons hidden, title bar hidden
[2022.03.12-00.03.19:741][  0]LogSlate: Updating window title bar state: overlay mode, drag disabled, window buttons hidden, title bar hidden
[2022.03.12-00.03.19:747][  0]LogSlate: Updating window title bar state: overlay mode, drag disabled, window buttons hidden, title bar hidden
[2022.03.12-00.03.19:762][  0]LogNativeClassHierarchy: Verbose: Native class hierarchy populated in 0.0099 seconds. Added 3822 classes and 928 folders.
[2022.03.12-00.03.19:764][  0]LogNativeClassHierarchy: Verbose: Native class hierarchy updated for 'WidgetCarousel' in 0.0002 seconds. Added 0 classes and 0 folders.
[2022.03.12-00.03.19:766][  0]LogPakFile: PakFile PrimaryIndexSize=187
[2022.03.12-00.03.19:766][  0]LogPakFile: PakFile PathHashIndexSize=101
[2022.03.12-00.03.19:766][  0]LogPakFile: PakFile FullDirectoryIndexSize=148
[2022.03.12-00.03.19:766][  0]LogShaderLibrary: Display: ShaderCodeLibraryPakFileMountedCallback: PakFile 'D:/programas/unreal/UE_4.27/FeaturePacks/FP_FirstPerson.upack' (chunk index -1, root 'root:/') mounted
[2022.03.12-00.03.19:766][  0]LogShaderLibrary: Display: ShaderCodeLibraryPakFileMountedCallback: pending pak file info (ChunkID:-1 Root:root:/ File:D:/programas/unreal/UE_4.27/FeaturePacks/FP_FirstPerson.upack)
[2022.03.12-00.03.19:766][  0]LogPakFile: OnPakFileMounted2Time == 0.000054
[2022.03.12-00.03.19:767][  0]LogPakFile: PakFile PrimaryIndexSize=189
[2022.03.12-00.03.19:767][  0]LogPakFile: PakFile PathHashIndexSize=101
[2022.03.12-00.03.19:767][  0]LogPakFile: PakFile FullDirectoryIndexSize=152
[2022.03.12-00.03.19:767][  0]LogShaderLibrary: Display: ShaderCodeLibraryPakFileMountedCallback: PakFile 'D:/programas/unreal/UE_4.27/FeaturePacks/FP_FirstPersonBP.upack' (chunk index -1, root 'root:/') mounted
[2022.03.12-00.03.19:767][  0]LogShaderLibrary: Display: ShaderCodeLibraryPakFileMountedCallback: pending pak file info (ChunkID:-1 Root:root:/ File:D:/programas/unreal/UE_4.27/FeaturePacks/FP_FirstPersonBP.upack)
[2022.03.12-00.03.19:767][  0]LogPakFile: OnPakFileMounted2Time == 0.000038
[2022.03.12-00.03.19:768][  0]LogPakFile: PakFile PrimaryIndexSize=191
[2022.03.12-00.03.19:768][  0]LogPakFile: PakFile PathHashIndexSize=101
[2022.03.12-00.03.19:768][  0]LogPakFile: PakFile FullDirectoryIndexSize=160
[2022.03.12-00.03.19:768][  0]LogShaderLibrary: Display: ShaderCodeLibraryPakFileMountedCallback: PakFile 'D:/programas/unreal/UE_4.27/FeaturePacks/MobileStarterContent.upack' (chunk index -1, root 'root:/') mounted
[2022.03.12-00.03.19:768][  0]LogShaderLibrary: Display: ShaderCodeLibraryPakFileMountedCallback: pending pak file info (ChunkID:-1 Root:root:/ File:D:/programas/unreal/UE_4.27/FeaturePacks/MobileStarterContent.upack)
[2022.03.12-00.03.19:768][  0]LogPakFile: OnPakFileMounted2Time == 0.000034
[2022.03.12-00.03.19:768][  0]LogPakFile: PakFile PrimaryIndexSize=185
[2022.03.12-00.03.19:769][  0]LogPakFile: PakFile PathHashIndexSize=101
[2022.03.12-00.03.19:769][  0]LogPakFile: PakFile FullDirectoryIndexSize=148
[2022.03.12-00.03.19:769][  0]LogShaderLibrary: Display: ShaderCodeLibraryPakFileMountedCallback: PakFile 'D:/programas/unreal/UE_4.27/FeaturePacks/StarterContent.upack' (chunk index -1, root 'root:/') mounted
[2022.03.12-00.03.19:769][  0]LogShaderLibrary: Display: ShaderCodeLibraryPakFileMountedCallback: pending pak file info (ChunkID:-1 Root:root:/ File:D:/programas/unreal/UE_4.27/FeaturePacks/StarterContent.upack)
[2022.03.12-00.03.19:769][  0]LogPakFile: OnPakFileMounted2Time == 0.000036
[2022.03.12-00.03.19:769][  0]LogPakFile: PakFile PrimaryIndexSize=190
[2022.03.12-00.03.19:769][  0]LogPakFile: PakFile PathHashIndexSize=101
[2022.03.12-00.03.19:769][  0]LogPakFile: PakFile FullDirectoryIndexSize=154
[2022.03.12-00.03.19:769][  0]LogShaderLibrary: Display: ShaderCodeLibraryPakFileMountedCallback: PakFile 'D:/programas/unreal/UE_4.27/FeaturePacks/TP_2DSideScroller.upack' (chunk index -1, root 'root:/') mounted
[2022.03.12-00.03.19:769][  0]LogShaderLibrary: Display: ShaderCodeLibraryPakFileMountedCallback: pending pak file info (ChunkID:-1 Root:root:/ File:D:/programas/unreal/UE_4.27/FeaturePacks/TP_2DSideScroller.upack)
[2022.03.12-00.03.19:769][  0]LogPakFile: OnPakFileMounted2Time == 0.000074
[2022.03.12-00.03.19:771][  0]LogPakFile: PakFile PrimaryIndexSize=192
[2022.03.12-00.03.19:771][  0]LogPakFile: PakFile PathHashIndexSize=101
[2022.03.12-00.03.19:771][  0]LogPakFile: PakFile FullDirectoryIndexSize=158
[2022.03.12-00.03.19:771][  0]LogShaderLibrary: Display: ShaderCodeLibraryPakFileMountedCallback: PakFile 'D:/programas/unreal/UE_4.27/FeaturePacks/TP_2DSideScrollerBP.upack' (chunk index -1, root 'root:/') mounted
[2022.03.12-00.03.19:771][  0]LogShaderLibrary: Display: ShaderCodeLibraryPakFileMountedCallback: pending pak file info (ChunkID:-1 Root:root:/ File:D:/programas/unreal/UE_4.27/FeaturePacks/TP_2DSideScrollerBP.upack)
[2022.03.12-00.03.19:771][  0]LogPakFile: OnPakFileMounted2Time == 0.000042
[2022.03.12-00.03.19:771][  0]LogPakFile: PakFile PrimaryIndexSize=182
[2022.03.12-00.03.19:771][  0]LogPakFile: PakFile PathHashIndexSize=101
[2022.03.12-00.03.19:771][  0]LogPakFile: PakFile FullDirectoryIndexSize=138
[2022.03.12-00.03.19:771][  0]LogShaderLibrary: Display: ShaderCodeLibraryPakFileMountedCallback: PakFile 'D:/programas/unreal/UE_4.27/FeaturePacks/TP_Flying.upack' (chunk index -1, root 'root:/') mounted
[2022.03.12-00.03.19:771][  0]LogShaderLibrary: Display: ShaderCodeLibraryPakFileMountedCallback: pending pak file info (ChunkID:-1 Root:root:/ File:D:/programas/unreal/UE_4.27/FeaturePacks/TP_Flying.upack)
[2022.03.12-00.03.19:771][  0]LogPakFile: OnPakFileMounted2Time == 0.000034
[2022.03.12-00.03.19:771][  0]LogPakFile: PakFile PrimaryIndexSize=184
[2022.03.12-00.03.19:771][  0]LogPakFile: PakFile PathHashIndexSize=101
[2022.03.12-00.03.19:771][  0]LogPakFile: PakFile FullDirectoryIndexSize=142
[2022.03.12-00.03.19:772][  0]LogShaderLibrary: Display: ShaderCodeLibraryPakFileMountedCallback: PakFile 'D:/programas/unreal/UE_4.27/FeaturePacks/TP_FlyingBP.upack' (chunk index -1, root 'root:/') mounted
[2022.03.12-00.03.19:772][  0]LogShaderLibrary: Display: ShaderCodeLibraryPakFileMountedCallback: pending pak file info (ChunkID:-1 Root:root:/ File:D:/programas/unreal/UE_4.27/FeaturePacks/TP_FlyingBP.upack)
[2022.03.12-00.03.19:772][  0]LogPakFile: OnPakFileMounted2Time == 0.000034
[2022.03.12-00.03.19:772][  0]LogPakFile: PakFile PrimaryIndexSize=188
[2022.03.12-00.03.19:772][  0]LogPakFile: PakFile PathHashIndexSize=101
[2022.03.12-00.03.19:772][  0]LogPakFile: PakFile FullDirectoryIndexSize=150
[2022.03.12-00.03.19:772][  0]LogShaderLibrary: Display: ShaderCodeLibraryPakFileMountedCallback: PakFile 'D:/programas/unreal/UE_4.27/FeaturePacks/TP_HandheldARBP.upack' (chunk index -1, root 'root:/') mounted
[2022.03.12-00.03.19:772][  0]LogShaderLibrary: Display: ShaderCodeLibraryPakFileMountedCallback: pending pak file info (ChunkID:-1 Root:root:/ File:D:/programas/unreal/UE_4.27/FeaturePacks/TP_HandheldARBP.upack)
[2022.03.12-00.03.19:772][  0]LogPakFile: OnPakFileMounted2Time == 0.000034
[2022.03.12-00.03.19:773][  0]LogPakFile: PakFile PrimaryIndexSize=182
[2022.03.12-00.03.19:773][  0]LogPakFile: PakFile PathHashIndexSize=101
[2022.03.12-00.03.19:773][  0]LogPakFile: PakFile FullDirectoryIndexSize=138
[2022.03.12-00.03.19:773][  0]LogShaderLibrary: Display: ShaderCodeLibraryPakFileMountedCallback: PakFile 'D:/programas/unreal/UE_4.27/FeaturePacks/TP_Puzzle.upack' (chunk index -1, root 'root:/') mounted
[2022.03.12-00.03.19:773][  0]LogShaderLibrary: Display: ShaderCodeLibraryPakFileMountedCallback: pending pak file info (ChunkID:-1 Root:root:/ File:D:/programas/unreal/UE_4.27/FeaturePacks/TP_Puzzle.upack)
[2022.03.12-00.03.19:773][  0]LogPakFile: OnPakFileMounted2Time == 0.000034
[2022.03.12-00.03.19:774][  0]LogPakFile: PakFile PrimaryIndexSize=184
[2022.03.12-00.03.19:774][  0]LogPakFile: PakFile PathHashIndexSize=101
[2022.03.12-00.03.19:774][  0]LogPakFile: PakFile FullDirectoryIndexSize=142
[2022.03.12-00.03.19:774][  0]LogShaderLibrary: Display: ShaderCodeLibraryPakFileMountedCallback: PakFile 'D:/programas/unreal/UE_4.27/FeaturePacks/TP_PuzzleBP.upack' (chunk index -1, root 'root:/') mounted
[2022.03.12-00.03.19:774][  0]LogShaderLibrary: Display: ShaderCodeLibraryPakFileMountedCallback: pending pak file info (ChunkID:-1 Root:root:/ File:D:/programas/unreal/UE_4.27/FeaturePacks/TP_PuzzleBP.upack)
[2022.03.12-00.03.19:774][  0]LogPakFile: OnPakFileMounted2Time == 0.000034
[2022.03.12-00.03.19:775][  0]LogPakFile: PakFile PrimaryIndexSize=183
[2022.03.12-00.03.19:775][  0]LogPakFile: PakFile PathHashIndexSize=101
[2022.03.12-00.03.19:775][  0]LogPakFile: PakFile FullDirectoryIndexSize=140
[2022.03.12-00.03.19:775][  0]LogShaderLibrary: Display: ShaderCodeLibraryPakFileMountedCallback: PakFile 'D:/programas/unreal/UE_4.27/FeaturePacks/TP_Rolling.upack' (chunk index -1, root 'root:/') mounted
[2022.03.12-00.03.19:775][  0]LogShaderLibrary: Display: ShaderCodeLibraryPakFileMountedCallback: pending pak file info (ChunkID:-1 Root:root:/ File:D:/programas/unreal/UE_4.27/FeaturePacks/TP_Rolling.upack)
[2022.03.12-00.03.19:775][  0]LogPakFile: OnPakFileMounted2Time == 0.000034
[2022.03.12-00.03.19:776][  0]LogPakFile: PakFile PrimaryIndexSize=185
[2022.03.12-00.03.19:776][  0]LogPakFile: PakFile PathHashIndexSize=101
[2022.03.12-00.03.19:776][  0]LogPakFile: PakFile FullDirectoryIndexSize=144
[2022.03.12-00.03.19:776][  0]LogShaderLibrary: Display: ShaderCodeLibraryPakFileMountedCallback: PakFile 'D:/programas/unreal/UE_4.27/FeaturePacks/TP_RollingBP.upack' (chunk index -1, root 'root:/') mounted
[2022.03.12-00.03.19:776][  0]LogShaderLibrary: Display: ShaderCodeLibraryPakFileMountedCallback: pending pak file info (ChunkID:-1 Root:root:/ File:D:/programas/unreal/UE_4.27/FeaturePacks/TP_RollingBP.upack)
[2022.03.12-00.03.19:776][  0]LogPakFile: OnPakFileMounted2Time == 0.000034
[2022.03.12-00.03.19:777][  0]LogPakFile: PakFile PrimaryIndexSize=188
[2022.03.12-00.03.19:777][  0]LogPakFile: PakFile PathHashIndexSize=101
[2022.03.12-00.03.19:777][  0]LogPakFile: PakFile FullDirectoryIndexSize=150
[2022.03.12-00.03.19:777][  0]LogShaderLibrary: Display: ShaderCodeLibraryPakFileMountedCallback: PakFile 'D:/programas/unreal/UE_4.27/FeaturePacks/TP_SideScroller.upack' (chunk index -1, root 'root:/') mounted
[2022.03.12-00.03.19:777][  0]LogShaderLibrary: Display: ShaderCodeLibraryPakFileMountedCallback: pending pak file info (ChunkID:-1 Root:root:/ File:D:/programas/unreal/UE_4.27/FeaturePacks/TP_SideScroller.upack)
[2022.03.12-00.03.19:777][  0]LogPakFile: OnPakFileMounted2Time == 0.000034
[2022.03.12-00.03.19:778][  0]LogPakFile: PakFile PrimaryIndexSize=190
[2022.03.12-00.03.19:778][  0]LogPakFile: PakFile PathHashIndexSize=101
[2022.03.12-00.03.19:778][  0]LogPakFile: PakFile FullDirectoryIndexSize=154
[2022.03.12-00.03.19:778][  0]LogShaderLibrary: Display: ShaderCodeLibraryPakFileMountedCallback: PakFile 'D:/programas/unreal/UE_4.27/FeaturePacks/TP_SideScrollerBP.upack' (chunk index -1, root 'root:/') mounted
[2022.03.12-00.03.19:778][  0]LogShaderLibrary: Display: ShaderCodeLibraryPakFileMountedCallback: pending pak file info (ChunkID:-1 Root:root:/ File:D:/programas/unreal/UE_4.27/FeaturePacks/TP_SideScrollerBP.upack)
[2022.03.12-00.03.19:778][  0]LogPakFile: OnPakFileMounted2Time == 0.000034
[2022.03.12-00.03.19:779][  0]LogPakFile: PakFile PrimaryIndexSize=187
[2022.03.12-00.03.19:779][  0]LogPakFile: PakFile PathHashIndexSize=101
[2022.03.12-00.03.19:779][  0]LogPakFile: PakFile FullDirectoryIndexSize=148
[2022.03.12-00.03.19:779][  0]LogShaderLibrary: Display: ShaderCodeLibraryPakFileMountedCallback: PakFile 'D:/programas/unreal/UE_4.27/FeaturePacks/TP_ThirdPerson.upack' (chunk index -1, root 'root:/') mounted
[2022.03.12-00.03.19:779][  0]LogShaderLibrary: Display: ShaderCodeLibraryPakFileMountedCallback: pending pak file info (ChunkID:-1 Root:root:/ File:D:/programas/unreal/UE_4.27/FeaturePacks/TP_ThirdPerson.upack)
[2022.03.12-00.03.19:779][  0]LogPakFile: OnPakFileMounted2Time == 0.000034
[2022.03.12-00.03.19:780][  0]LogPakFile: PakFile PrimaryIndexSize=189
[2022.03.12-00.03.19:780][  0]LogPakFile: PakFile PathHashIndexSize=101
[2022.03.12-00.03.19:780][  0]LogPakFile: PakFile FullDirectoryIndexSize=152
[2022.03.12-00.03.19:780][  0]LogShaderLibrary: Display: ShaderCodeLibraryPakFileMountedCallback: PakFile 'D:/programas/unreal/UE_4.27/FeaturePacks/TP_ThirdPersonBP.upack' (chunk index -1, root 'root:/') mounted
[2022.03.12-00.03.19:780][  0]LogShaderLibrary: Display: ShaderCodeLibraryPakFileMountedCallback: pending pak file info (ChunkID:-1 Root:root:/ File:D:/programas/unreal/UE_4.27/FeaturePacks/TP_ThirdPersonBP.upack)
[2022.03.12-00.03.19:780][  0]LogPakFile: OnPakFileMounted2Time == 0.000040
[2022.03.12-00.03.19:781][  0]LogPakFile: PakFile PrimaryIndexSize=183
[2022.03.12-00.03.19:781][  0]LogPakFile: PakFile PathHashIndexSize=101
[2022.03.12-00.03.19:781][  0]LogPakFile: PakFile FullDirectoryIndexSize=140
[2022.03.12-00.03.19:781][  0]LogShaderLibrary: Display: ShaderCodeLibraryPakFileMountedCallback: PakFile 'D:/programas/unreal/UE_4.27/FeaturePacks/TP_TopDown.upack' (chunk index -1, root 'root:/') mounted
[2022.03.12-00.03.19:781][  0]LogShaderLibrary: Display: ShaderCodeLibraryPakFileMountedCallback: pending pak file info (ChunkID:-1 Root:root:/ File:D:/programas/unreal/UE_4.27/FeaturePacks/TP_TopDown.upack)
[2022.03.12-00.03.19:781][  0]LogPakFile: OnPakFileMounted2Time == 0.000040
[2022.03.12-00.03.19:782][  0]LogPakFile: PakFile PrimaryIndexSize=185
[2022.03.12-00.03.19:782][  0]LogPakFile: PakFile PathHashIndexSize=101
[2022.03.12-00.03.19:782][  0]LogPakFile: PakFile FullDirectoryIndexSize=144
[2022.03.12-00.03.19:782][  0]LogShaderLibrary: Display: ShaderCodeLibraryPakFileMountedCallback: PakFile 'D:/programas/unreal/UE_4.27/FeaturePacks/TP_TopDownBP.upack' (chunk index -1, root 'root:/') mounted
[2022.03.12-00.03.19:782][  0]LogShaderLibrary: Display: ShaderCodeLibraryPakFileMountedCallback: pending pak file info (ChunkID:-1 Root:root:/ File:D:/programas/unreal/UE_4.27/FeaturePacks/TP_TopDownBP.upack)
[2022.03.12-00.03.19:782][  0]LogPakFile: OnPakFileMounted2Time == 0.000034
[2022.03.12-00.03.19:783][  0]LogPakFile: PakFile PrimaryIndexSize=185
[2022.03.12-00.03.19:783][  0]LogPakFile: PakFile PathHashIndexSize=101
[2022.03.12-00.03.19:783][  0]LogPakFile: PakFile FullDirectoryIndexSize=144
[2022.03.12-00.03.19:783][  0]LogShaderLibrary: Display: ShaderCodeLibraryPakFileMountedCallback: PakFile 'D:/programas/unreal/UE_4.27/FeaturePacks/TP_TwinStick.upack' (chunk index -1, root 'root:/') mounted
[2022.03.12-00.03.19:783][  0]LogShaderLibrary: Display: ShaderCodeLibraryPakFileMountedCallback: pending pak file info (ChunkID:-1 Root:root:/ File:D:/programas/unreal/UE_4.27/FeaturePacks/TP_TwinStick.upack)
[2022.03.12-00.03.19:783][  0]LogPakFile: OnPakFileMounted2Time == 0.000034
[2022.03.12-00.03.19:784][  0]LogPakFile: PakFile PrimaryIndexSize=187
[2022.03.12-00.03.19:784][  0]LogPakFile: PakFile PathHashIndexSize=101
[2022.03.12-00.03.19:784][  0]LogPakFile: PakFile FullDirectoryIndexSize=148
[2022.03.12-00.03.19:784][  0]LogShaderLibrary: Display: ShaderCodeLibraryPakFileMountedCallback: PakFile 'D:/programas/unreal/UE_4.27/FeaturePacks/TP_TwinStickBP.upack' (chunk index -1, root 'root:/') mounted
[2022.03.12-00.03.19:784][  0]LogShaderLibrary: Display: ShaderCodeLibraryPakFileMountedCallback: pending pak file info (ChunkID:-1 Root:root:/ File:D:/programas/unreal/UE_4.27/FeaturePacks/TP_TwinStickBP.upack)
[2022.03.12-00.03.19:784][  0]LogPakFile: OnPakFileMounted2Time == 0.000034
[2022.03.12-00.03.19:784][  0]LogPakFile: PakFile PrimaryIndexSize=183
[2022.03.12-00.03.19:784][  0]LogPakFile: PakFile PathHashIndexSize=101
[2022.03.12-00.03.19:784][  0]LogPakFile: PakFile FullDirectoryIndexSize=140
[2022.03.12-00.03.19:784][  0]LogShaderLibrary: Display: ShaderCodeLibraryPakFileMountedCallback: PakFile 'D:/programas/unreal/UE_4.27/FeaturePacks/TP_Vehicle.upack' (chunk index -1, root 'root:/') mounted
[2022.03.12-00.03.19:784][  0]LogShaderLibrary: Display: ShaderCodeLibraryPakFileMountedCallback: pending pak file info (ChunkID:-1 Root:root:/ File:D:/programas/unreal/UE_4.27/FeaturePacks/TP_Vehicle.upack)
[2022.03.12-00.03.19:784][  0]LogPakFile: OnPakFileMounted2Time == 0.000034
[2022.03.12-00.03.19:785][  0]LogPakFile: PakFile PrimaryIndexSize=186
[2022.03.12-00.03.19:785][  0]LogPakFile: PakFile PathHashIndexSize=101
[2022.03.12-00.03.19:785][  0]LogPakFile: PakFile FullDirectoryIndexSize=146
[2022.03.12-00.03.19:786][  0]LogShaderLibrary: Display: ShaderCodeLibraryPakFileMountedCallback: PakFile 'D:/programas/unreal/UE_4.27/FeaturePacks/TP_VehicleAdv.upack' (chunk index -1, root 'root:/') mounted
[2022.03.12-00.03.19:786][  0]LogShaderLibrary: Display: ShaderCodeLibraryPakFileMountedCallback: pending pak file info (ChunkID:-1 Root:root:/ File:D:/programas/unreal/UE_4.27/FeaturePacks/TP_VehicleAdv.upack)
[2022.03.12-00.03.19:786][  0]LogPakFile: OnPakFileMounted2Time == 0.000088
[2022.03.12-00.03.19:786][  0]LogPakFile: PakFile PrimaryIndexSize=188
[2022.03.12-00.03.19:787][  0]LogPakFile: PakFile PathHashIndexSize=101
[2022.03.12-00.03.19:787][  0]LogPakFile: PakFile FullDirectoryIndexSize=150
[2022.03.12-00.03.19:787][  0]LogShaderLibrary: Display: ShaderCodeLibraryPakFileMountedCallback: PakFile 'D:/programas/unreal/UE_4.27/FeaturePacks/TP_VehicleAdvBP.upack' (chunk index -1, root 'root:/') mounted
[2022.03.12-00.03.19:787][  0]LogShaderLibrary: Display: ShaderCodeLibraryPakFileMountedCallback: pending pak file info (ChunkID:-1 Root:root:/ File:D:/programas/unreal/UE_4.27/FeaturePacks/TP_VehicleAdvBP.upack)
[2022.03.12-00.03.19:787][  0]LogPakFile: OnPakFileMounted2Time == 0.000034
[2022.03.12-00.03.19:787][  0]LogPakFile: PakFile PrimaryIndexSize=185
[2022.03.12-00.03.19:787][  0]LogPakFile: PakFile PathHashIndexSize=101
[2022.03.12-00.03.19:787][  0]LogPakFile: PakFile FullDirectoryIndexSize=144
[2022.03.12-00.03.19:787][  0]LogShaderLibrary: Display: ShaderCodeLibraryPakFileMountedCallback: PakFile 'D:/programas/unreal/UE_4.27/FeaturePacks/TP_VehicleBP.upack' (chunk index -1, root 'root:/') mounted
[2022.03.12-00.03.19:787][  0]LogShaderLibrary: Display: ShaderCodeLibraryPakFileMountedCallback: pending pak file info (ChunkID:-1 Root:root:/ File:D:/programas/unreal/UE_4.27/FeaturePacks/TP_VehicleBP.upack)
[2022.03.12-00.03.19:787][  0]LogPakFile: OnPakFileMounted2Time == 0.000036
[2022.03.12-00.03.19:788][  0]LogPakFile: PakFile PrimaryIndexSize=192
[2022.03.12-00.03.19:788][  0]LogPakFile: PakFile PathHashIndexSize=101
[2022.03.12-00.03.19:788][  0]LogPakFile: PakFile FullDirectoryIndexSize=158
[2022.03.12-00.03.19:788][  0]LogShaderLibrary: Display: ShaderCodeLibraryPakFileMountedCallback: PakFile 'D:/programas/unreal/UE_4.27/FeaturePacks/TP_VirtualRealityBP.upack' (chunk index -1, root 'root:/') mounted
[2022.03.12-00.03.19:788][  0]LogShaderLibrary: Display: ShaderCodeLibraryPakFileMountedCallback: pending pak file info (ChunkID:-1 Root:root:/ File:D:/programas/unreal/UE_4.27/FeaturePacks/TP_VirtualRealityBP.upack)
[2022.03.12-00.03.19:788][  0]LogPakFile: OnPakFileMounted2Time == 0.000034
[2022.03.12-00.03.19:870][  0]LogNativeClassHierarchy: Verbose: Native class hierarchy updated for 'AddContentDialog' in 0.0003 seconds. Added 0 classes and 0 folders.
[2022.03.12-00.03.19:871][  0]LogNativeClassHierarchy: Verbose: Native class hierarchy updated for 'SceneOutliner' in 0.0002 seconds. Added 2 classes and 0 folders.
[2022.03.12-00.03.20:229][  0]LogSlate: Only BGRA pngs, bmps or icos are supported in by External Image Picker
[2022.03.12-00.03.20:336][  0]LogSlate: Took 0.000225 seconds to synchronously load lazily loaded font '../../../Engine/Content/Slate/Fonts/Roboto-Regular.ttf' (155K)
[2022.03.12-00.03.20:338][  0]LogSlate: Took 0.000159 seconds to synchronously load lazily loaded font '../../../Engine/Content/Editor/Slate/Fonts/FontAwesome.ttf' (139K)
[2022.03.12-00.03.20:338][  0]LogSlate: Took 0.000189 seconds to synchronously load lazily loaded font '../../../Engine/Content/Slate/Fonts/Roboto-Bold.ttf' (160K)
[2022.03.12-00.03.20:433][  0]LogRenderer: Reallocating scene render targets to support 964x432 Format 10 NumSamples 1 (Frame:1).
[2022.03.12-00.03.20:552][  0]LogNativeClassHierarchy: Verbose: Native class hierarchy updated for 'HierarchicalLODOutliner' in 0.0004 seconds. Added 0 classes and 0 folders.
[2022.03.12-00.03.20:553][  0]LogLoad: (Engine Initialization) Total time: 13.25 seconds
[2022.03.12-00.03.20:553][  0]LogLoad: (Engine Initialization) Total Blueprint compile time: 0.00 seconds
[2022.03.12-00.03.20:637][  0]LogAssetRegistry: Asset discovery search completed in 8.7732 seconds
[2022.03.12-00.03.20:646][  0]LogCollectionManager: Fixed up redirectors for 0 collections in 0.000027 seconds (updated 0 objects)
[2022.03.12-00.03.20:686][  0]LogContentStreaming: Texture pool size now 1000 MB
[2022.03.12-00.03.21:252][  2]LogSlate: Took 0.000331 seconds to synchronously load lazily loaded font '../../../Engine/Content/Slate/Fonts/Roboto-Light.ttf' (167K)
[2022.03.12-00.03.48:515][659]LogSlate: Took 0.000676 seconds to synchronously load lazily loaded font '../../../Engine/Content/Slate/Fonts/Roboto-Light.ttf' (167K)
[2022.03.12-00.03.48:554][659]LogEditorClassViewer: Warning: Class /Engine/Tutorial/InWorldBlueprintEditing/TutorialAssets/IWBE_Blutility.IWBE_Blutility_C has parent /Script/Blutility.PlacedEditorUtilityBase, but this parent is not found. The Class will not be shown in ClassViewer.
[2022.03.12-00.03.49:938][659]LogSlate: Window 'Pick Parent Class' being destroyed
[2022.03.12-00.03.49:946][659]LogContentBrowser: Deferred new asset file creation: NewBlueprint
[2022.03.12-00.03.49:954][659]LogContentBrowser: Creating deferred item: NewBlueprint
[2022.03.12-00.03.51:509][753]LogContentBrowser: Attempting asset rename: NewBlueprint -> sdf3werfwerf
[2022.03.12-00.03.51:515][753]LogContentBrowser: End creating deferred item NewBlueprint
[2022.03.12-00.03.53:143][849]LogUObjectHash: Compacting FUObjectHashTables data took   1.21ms
[2022.03.12-00.03.53:507][849]LogSavePackage: Moving '../../../../../../personal/facu/diseño de videjuegos en linea/prueba1/Saved/FirstPersonExampleMap52B5FEE34E7BE041B7900095FF530058.tmp' to '../../../../../../personal/facu/diseño de videjuegos en linea/prueba1/Content/FirstPersonBP/Maps/FirstPersonExampleMap.umap'
[2022.03.12-00.03.54:320][849]LogSavePackage: Moving '../../../../../../personal/facu/diseño de videjuegos en linea/prueba1/Saved/FirstPersonExampleMap_BuiltDataE48A4E7F418005890ED8D2B8E37CF002.tmp' to '../../../../../../personal/facu/diseño de videjuegos en linea/prueba1/Content/FirstPersonBP/Maps/FirstPersonExampleMap_BuiltData.uasset'
[2022.03.12-00.03.54:333][849]AssetCheck: New page: Asset Save: multiple assets
[2022.03.12-00.03.54:333][849]LogContentValidation: Display: Validating MapBuildDataRegistry /Game/FirstPersonBP/Maps/FirstPersonExampleMap_BuiltData.FirstPersonExampleMap_BuiltData
[2022.03.12-00.03.54:333][849]LogContentValidation: Display: Validating World /Game/FirstPersonBP/Maps/FirstPersonExampleMap.FirstPersonExampleMap
